  filter.cpp
  Unknown compiler version - please run the configure tests and report the results
  io.cpp
  Unknown compiler version - please run the configure tests and report the results
D:\TOSHIBA_DT01ACA300\common\PclCSharp\src\PclSharpWrapper\include\boost-1_64\boost\iostreams\positioning.hpp(96,15): warning C4996: 'std::fpos<_Mbstatet>::seekpos': warning STL4019: The member std::fpos::seekpos() is non-Standard, and is preserved only for compatibility with workarounds for old versions of Visual C++. It will be removed in a future release, and in this release always returns 0. Please use standards-conforming mechanisms to manipulate fpos, such as conversions to and from streamoff, or an integral type, instead. If you are receiving this message while compiling Boost.IOStreams, a fix has been submitted upstream to make Boost use standards-conforming mechanisms, as it does for other compilers. You can define _SILENCE_FPOS_SEEKPOS_DEPRECATION_WARNING to acknowledge that you have received this warning, or define _REMOVE_FPOS_SEEKPOS to remove std::fpos::seekpos entirely.
  pcl_util.cpp
  Unknown compiler version - please run the configure tests and report the results
  sampleConsensus.cpp
  Unknown compiler version - please run the configure tests and report the results
D:\TOSHIBA_DT01ACA300\common\PclCSharp\src\PclSharpWrapper\include\pcl-1.8\pcl\sample_consensus\model_types.h(99,3): warning C4996: 'pcl::SAC_SAMPLE_SIZE': This map is deprecated and is kept only to prevent breaking existing user code. Starting from PCL 1.8.0 model sample size is a protected member of the SampleConsensusModel class
  segmentation.cpp
  Unknown compiler version - please run the configure tests and report the results
D:\TOSHIBA_DT01ACA300\common\PclCSharp\src\PclSharpWrapper\include\pcl-1.8\pcl\sample_consensus\model_types.h(99,3): warning C4996: 'pcl::SAC_SAMPLE_SIZE': This map is deprecated and is kept only to prevent breaking existing user code. Starting from PCL 1.8.0 model sample size is a protected member of the SampleConsensusModel class
  util_module.cpp
  Unknown compiler version - please run the configure tests and report the results
D:\TOSHIBA_DT01ACA300\common\PclCSharp\src\PclSharpWrapper\include\pcl-1.8\pcl\sample_consensus\model_types.h(99,3): warning C4996: 'pcl::SAC_SAMPLE_SIZE': This map is deprecated and is kept only to prevent breaking existing user code. Starting from PCL 1.8.0 model sample size is a protected member of the SampleConsensusModel class
D:\TOSHIBA_DT01ACA300\common\PclCSharp\src\PclSharpWrapper\PclSharpWrapper\util_module.cpp(70,35): warning C4267: 'initializing': conversion from 'size_t' to 'int', possible loss of data
D:\TOSHIBA_DT01ACA300\common\PclCSharp\src\PclSharpWrapper\PclSharpWrapper\util_module.cpp(168,34): warning C4267: 'initializing': conversion from 'size_t' to 'int', possible loss of data
D:\TOSHIBA_DT01ACA300\common\PclCSharp\src\PclSharpWrapper\PclSharpWrapper\util_module.cpp(207,35): warning C4267: 'initializing': conversion from 'size_t' to 'int', possible loss of data
D:\TOSHIBA_DT01ACA300\common\PclCSharp\src\PclSharpWrapper\PclSharpWrapper\util_module.cpp(309,34): warning C4267: 'initializing': conversion from 'size_t' to 'int', possible loss of data
D:\TOSHIBA_DT01ACA300\common\PclCSharp\src\PclSharpWrapper\PclSharpWrapper\util_module.cpp(348,33): warning C4267: 'initializing': conversion from 'size_t' to 'int', possible loss of data
  Generating Code...
     Creating library D:\TOSHIBA_DT01ACA300\common\PclCSharp\src\PclSharpWrapper\x64\Debug\PclDll.lib and object D:\TOSHIBA_DT01ACA300\common\PclCSharp\src\PclSharpWrapper\x64\Debug\PclDll.exp
vtkCommonCore-8.0-gd.lib(vtkAbstractArray.obj) : warning LNK4099: PDB 'vtkCommonCore.pdb' was not found with 'vtkCommonCore-8.0-gd.lib(vtkAbstractArray.obj)' or at 'D:\TOSHIBA_DT01ACA300\common\PclCSharp\src\PclSharpWrapper\x64\Debug\vtkCommonCore.pdb'; linking object as if no debug info
vtkCommonCore-8.0-gd.lib(vtkArrayCoordinates.obj) : warning LNK4099: PDB 'vtkCommonCore.pdb' was not found with 'vtkCommonCore-8.0-gd.lib(vtkArrayCoordinates.obj)' or at 'D:\TOSHIBA_DT01ACA300\common\PclCSharp\src\PclSharpWrapper\x64\Debug\vtkCommonCore.pdb'; linking object as if no debug info
vtkCommonCore-8.0-gd.lib(vtkArray.obj) : warning LNK4099: PDB 'vtkCommonCore.pdb' was not found with 'vtkCommonCore-8.0-gd.lib(vtkArray.obj)' or at 'D:\TOSHIBA_DT01ACA300\common\PclCSharp\src\PclSharpWrapper\x64\Debug\vtkCommonCore.pdb'; linking object as if no debug info
vtkCommonCore-8.0-gd.lib(vtkArrayExtents.obj) : warning LNK4099: PDB 'vtkCommonCore.pdb' was not found with 'vtkCommonCore-8.0-gd.lib(vtkArrayExtents.obj)' or at 'D:\TOSHIBA_DT01ACA300\common\PclCSharp\src\PclSharpWrapper\x64\Debug\vtkCommonCore.pdb'; linking object as if no debug info
vtkCommonCore-8.0-gd.lib(vtkArrayIterator.obj) : warning LNK4099: PDB 'vtkCommonCore.pdb' was not found with 'vtkCommonCore-8.0-gd.lib(vtkArrayIterator.obj)' or at 'D:\TOSHIBA_DT01ACA300\common\PclCSharp\src\PclSharpWrapper\x64\Debug\vtkCommonCore.pdb'; linking object as if no debug info
vtkCommonCore-8.0-gd.lib(vtkArrayIteratorTemplateInstantiate.obj) : warning LNK4099: PDB 'vtkCommonCore.pdb' was not found with 'vtkCommonCore-8.0-gd.lib(vtkArrayIteratorTemplateInstantiate.obj)' or at 'D:\TOSHIBA_DT01ACA300\common\PclCSharp\src\PclSharpWrapper\x64\Debug\vtkCommonCore.pdb'; linking object as if no debug info
vtkCommonCore-8.0-gd.lib(vtkArrayRange.obj) : warning LNK4099: PDB 'vtkCommonCore.pdb' was not found with 'vtkCommonCore-8.0-gd.lib(vtkArrayRange.obj)' or at 'D:\TOSHIBA_DT01ACA300\common\PclCSharp\src\PclSharpWrapper\x64\Debug\vtkCommonCore.pdb'; linking object as if no debug info
vtkCommonCore-8.0-gd.lib(vtkBitArray.obj) : warning LNK4099: PDB 'vtkCommonCore.pdb' was not found with 'vtkCommonCore-8.0-gd.lib(vtkBitArray.obj)' or at 'D:\TOSHIBA_DT01ACA300\common\PclCSharp\src\PclSharpWrapper\x64\Debug\vtkCommonCore.pdb'; linking object as if no debug info
vtkCommonCore-8.0-gd.lib(vtkBitArrayIterator.obj) : warning LNK4099: PDB 'vtkCommonCore.pdb' was not found with 'vtkCommonCore-8.0-gd.lib(vtkBitArrayIterator.obj)' or at 'D:\TOSHIBA_DT01ACA300\common\PclCSharp\src\PclSharpWrapper\x64\Debug\vtkCommonCore.pdb'; linking object as if no debug info
vtkCommonCore-8.0-gd.lib(vtkBoxMuellerRandomSequence.obj) : warning LNK4099: PDB 'vtkCommonCore.pdb' was not found with 'vtkCommonCore-8.0-gd.lib(vtkBoxMuellerRandomSequence.obj)' or at 'D:\TOSHIBA_DT01ACA300\common\PclCSharp\src\PclSharpWrapper\x64\Debug\vtkCommonCore.pdb'; linking object as if no debug info
vtkCommonCore-8.0-gd.lib(vtkByteSwap.obj) : warning LNK4099: PDB 'vtkCommonCore.pdb' was not found with 'vtkCommonCore-8.0-gd.lib(vtkByteSwap.obj)' or at 'D:\TOSHIBA_DT01ACA300\common\PclCSharp\src\PclSharpWrapper\x64\Debug\vtkCommonCore.pdb'; linking object as if no debug info
vtkCommonCore-8.0-gd.lib(vtkCallbackCommand.obj) : warning LNK4099: PDB 'vtkCommonCore.pdb' was not found with 'vtkCommonCore-8.0-gd.lib(vtkCallbackCommand.obj)' or at 'D:\TOSHIBA_DT01ACA300\common\PclCSharp\src\PclSharpWrapper\x64\Debug\vtkCommonCore.pdb'; linking object as if no debug info
vtkCommonCore-8.0-gd.lib(vtkCharArray.obj) : warning LNK4099: PDB 'vtkCommonCore.pdb' was not found with 'vtkCommonCore-8.0-gd.lib(vtkCharArray.obj)' or at 'D:\TOSHIBA_DT01ACA300\common\PclCSharp\src\PclSharpWrapper\x64\Debug\vtkCommonCore.pdb'; linking object as if no debug info
vtkCommonCore-8.0-gd.lib(vtkCollection.obj) : warning LNK4099: PDB 'vtkCommonCore.pdb' was not found with 'vtkCommonCore-8.0-gd.lib(vtkCollection.obj)' or at 'D:\TOSHIBA_DT01ACA300\common\PclCSharp\src\PclSharpWrapper\x64\Debug\vtkCommonCore.pdb'; linking object as if no debug info
vtkCommonCore-8.0-gd.lib(vtkCollectionIterator.obj) : warning LNK4099: PDB 'vtkCommonCore.pdb' was not found with 'vtkCommonCore-8.0-gd.lib(vtkCollectionIterator.obj)' or at 'D:\TOSHIBA_DT01ACA300\common\PclCSharp\src\PclSharpWrapper\x64\Debug\vtkCommonCore.pdb'; linking object as if no debug info
vtkCommonCore-8.0-gd.lib(vtkCommand.obj) : warning LNK4099: PDB 'vtkCommonCore.pdb' was not found with 'vtkCommonCore-8.0-gd.lib(vtkCommand.obj)' or at 'D:\TOSHIBA_DT01ACA300\common\PclCSharp\src\PclSharpWrapper\x64\Debug\vtkCommonCore.pdb'; linking object as if no debug info
vtkCommonCore-8.0-gd.lib(vtkCommonInformationKeyManager.obj) : warning LNK4099: PDB 'vtkCommonCore.pdb' was not found with 'vtkCommonCore-8.0-gd.lib(vtkCommonInformationKeyManager.obj)' or at 'D:\TOSHIBA_DT01ACA300\common\PclCSharp\src\PclSharpWrapper\x64\Debug\vtkCommonCore.pdb'; linking object as if no debug info
vtkCommonCore-8.0-gd.lib(vtkDataArray.obj) : warning LNK4099: PDB 'vtkCommonCore.pdb' was not found with 'vtkCommonCore-8.0-gd.lib(vtkDataArray.obj)' or at 'D:\TOSHIBA_DT01ACA300\common\PclCSharp\src\PclSharpWrapper\x64\Debug\vtkCommonCore.pdb'; linking object as if no debug info
vtkCommonCore-8.0-gd.lib(vtkDebugLeaks.obj) : warning LNK4099: PDB 'vtkCommonCore.pdb' was not found with 'vtkCommonCore-8.0-gd.lib(vtkDebugLeaks.obj)' or at 'D:\TOSHIBA_DT01ACA300\common\PclCSharp\src\PclSharpWrapper\x64\Debug\vtkCommonCore.pdb'; linking object as if no debug info
vtkCommonCore-8.0-gd.lib(vtkDebugLeaksManager.obj) : warning LNK4099: PDB 'vtkCommonCore.pdb' was not found with 'vtkCommonCore-8.0-gd.lib(vtkDebugLeaksManager.obj)' or at 'D:\TOSHIBA_DT01ACA300\common\PclCSharp\src\PclSharpWrapper\x64\Debug\vtkCommonCore.pdb'; linking object as if no debug info
vtkCommonCore-8.0-gd.lib(vtkDoubleArray.obj) : warning LNK4099: PDB 'vtkCommonCore.pdb' was not found with 'vtkCommonCore-8.0-gd.lib(vtkDoubleArray.obj)' or at 'D:\TOSHIBA_DT01ACA300\common\PclCSharp\src\PclSharpWrapper\x64\Debug\vtkCommonCore.pdb'; linking object as if no debug info
vtkCommonCore-8.0-gd.lib(vtkDynamicLoader.obj) : warning LNK4099: PDB 'vtkCommonCore.pdb' was not found with 'vtkCommonCore-8.0-gd.lib(vtkDynamicLoader.obj)' or at 'D:\TOSHIBA_DT01ACA300\common\PclCSharp\src\PclSharpWrapper\x64\Debug\vtkCommonCore.pdb'; linking object as if no debug info
vtkCommonCore-8.0-gd.lib(vtkFloatArray.obj) : warning LNK4099: PDB 'vtkCommonCore.pdb' was not found with 'vtkCommonCore-8.0-gd.lib(vtkFloatArray.obj)' or at 'D:\TOSHIBA_DT01ACA300\common\PclCSharp\src\PclSharpWrapper\x64\Debug\vtkCommonCore.pdb'; linking object as if no debug info
vtkCommonCore-8.0-gd.lib(vtkGarbageCollector.obj) : warning LNK4099: PDB 'vtkCommonCore.pdb' was not found with 'vtkCommonCore-8.0-gd.lib(vtkGarbageCollector.obj)' or at 'D:\TOSHIBA_DT01ACA300\common\PclCSharp\src\PclSharpWrapper\x64\Debug\vtkCommonCore.pdb'; linking object as if no debug info
vtkCommonCore-8.0-gd.lib(vtkGarbageCollectorManager.obj) : warning LNK4099: PDB 'vtkCommonCore.pdb' was not found with 'vtkCommonCore-8.0-gd.lib(vtkGarbageCollectorManager.obj)' or at 'D:\TOSHIBA_DT01ACA300\common\PclCSharp\src\PclSharpWrapper\x64\Debug\vtkCommonCore.pdb'; linking object as if no debug info
vtkCommonCore-8.0-gd.lib(vtkGaussianRandomSequence.obj) : warning LNK4099: PDB 'vtkCommonCore.pdb' was not found with 'vtkCommonCore-8.0-gd.lib(vtkGaussianRandomSequence.obj)' or at 'D:\TOSHIBA_DT01ACA300\common\PclCSharp\src\PclSharpWrapper\x64\Debug\vtkCommonCore.pdb'; linking object as if no debug info
vtkCommonCore-8.0-gd.lib(vtkIdList.obj) : warning LNK4099: PDB 'vtkCommonCore.pdb' was not found with 'vtkCommonCore-8.0-gd.lib(vtkIdList.obj)' or at 'D:\TOSHIBA_DT01ACA300\common\PclCSharp\src\PclSharpWrapper\x64\Debug\vtkCommonCore.pdb'; linking object as if no debug info
vtkCommonCore-8.0-gd.lib(vtkIdTypeArray.obj) : warning LNK4099: PDB 'vtkCommonCore.pdb' was not found with 'vtkCommonCore-8.0-gd.lib(vtkIdTypeArray.obj)' or at 'D:\TOSHIBA_DT01ACA300\common\PclCSharp\src\PclSharpWrapper\x64\Debug\vtkCommonCore.pdb'; linking object as if no debug info
vtkCommonCore-8.0-gd.lib(vtkIndent.obj) : warning LNK4099: PDB 'vtkCommonCore.pdb' was not found with 'vtkCommonCore-8.0-gd.lib(vtkIndent.obj)' or at 'D:\TOSHIBA_DT01ACA300\common\PclCSharp\src\PclSharpWrapper\x64\Debug\vtkCommonCore.pdb'; linking object as if no debug info
vtkCommonCore-8.0-gd.lib(vtkInformation.obj) : warning LNK4099: PDB 'vtkCommonCore.pdb' was not found with 'vtkCommonCore-8.0-gd.lib(vtkInformation.obj)' or at 'D:\TOSHIBA_DT01ACA300\common\PclCSharp\src\PclSharpWrapper\x64\Debug\vtkCommonCore.pdb'; linking object as if no debug info
vtkCommonCore-8.0-gd.lib(vtkInformationDataObjectKey.obj) : warning LNK4099: PDB 'vtkCommonCore.pdb' was not found with 'vtkCommonCore-8.0-gd.lib(vtkInformationDataObjectKey.obj)' or at 'D:\TOSHIBA_DT01ACA300\common\PclCSharp\src\PclSharpWrapper\x64\Debug\vtkCommonCore.pdb'; linking object as if no debug info
vtkCommonCore-8.0-gd.lib(vtkInformationDoubleKey.obj) : warning LNK4099: PDB 'vtkCommonCore.pdb' was not found with 'vtkCommonCore-8.0-gd.lib(vtkInformationDoubleKey.obj)' or at 'D:\TOSHIBA_DT01ACA300\common\PclCSharp\src\PclSharpWrapper\x64\Debug\vtkCommonCore.pdb'; linking object as if no debug info
vtkCommonCore-8.0-gd.lib(vtkInformationDoubleVectorKey.obj) : warning LNK4099: PDB 'vtkCommonCore.pdb' was not found with 'vtkCommonCore-8.0-gd.lib(vtkInformationDoubleVectorKey.obj)' or at 'D:\TOSHIBA_DT01ACA300\common\PclCSharp\src\PclSharpWrapper\x64\Debug\vtkCommonCore.pdb'; linking object as if no debug info
vtkCommonCore-8.0-gd.lib(vtkInformationIdTypeKey.obj) : warning LNK4099: PDB 'vtkCommonCore.pdb' was not found with 'vtkCommonCore-8.0-gd.lib(vtkInformationIdTypeKey.obj)' or at 'D:\TOSHIBA_DT01ACA300\common\PclCSharp\src\PclSharpWrapper\x64\Debug\vtkCommonCore.pdb'; linking object as if no debug info
vtkCommonCore-8.0-gd.lib(vtkInformationInformationKey.obj) : warning LNK4099: PDB 'vtkCommonCore.pdb' was not found with 'vtkCommonCore-8.0-gd.lib(vtkInformationInformationKey.obj)' or at 'D:\TOSHIBA_DT01ACA300\common\PclCSharp\src\PclSharpWrapper\x64\Debug\vtkCommonCore.pdb'; linking object as if no debug info
vtkCommonCore-8.0-gd.lib(vtkInformationInformationVectorKey.obj) : warning LNK4099: PDB 'vtkCommonCore.pdb' was not found with 'vtkCommonCore-8.0-gd.lib(vtkInformationInformationVectorKey.obj)' or at 'D:\TOSHIBA_DT01ACA300\common\PclCSharp\src\PclSharpWrapper\x64\Debug\vtkCommonCore.pdb'; linking object as if no debug info
vtkCommonCore-8.0-gd.lib(vtkInformationIntegerKey.obj) : warning LNK4099: PDB 'vtkCommonCore.pdb' was not found with 'vtkCommonCore-8.0-gd.lib(vtkInformationIntegerKey.obj)' or at 'D:\TOSHIBA_DT01ACA300\common\PclCSharp\src\PclSharpWrapper\x64\Debug\vtkCommonCore.pdb'; linking object as if no debug info
vtkCommonCore-8.0-gd.lib(vtkInformationIntegerPointerKey.obj) : warning LNK4099: PDB 'vtkCommonCore.pdb' was not found with 'vtkCommonCore-8.0-gd.lib(vtkInformationIntegerPointerKey.obj)' or at 'D:\TOSHIBA_DT01ACA300\common\PclCSharp\src\PclSharpWrapper\x64\Debug\vtkCommonCore.pdb'; linking object as if no debug info
vtkCommonCore-8.0-gd.lib(vtkInformationIntegerVectorKey.obj) : warning LNK4099: PDB 'vtkCommonCore.pdb' was not found with 'vtkCommonCore-8.0-gd.lib(vtkInformationIntegerVectorKey.obj)' or at 'D:\TOSHIBA_DT01ACA300\common\PclCSharp\src\PclSharpWrapper\x64\Debug\vtkCommonCore.pdb'; linking object as if no debug info
vtkCommonCore-8.0-gd.lib(vtkInformationIterator.obj) : warning LNK4099: PDB 'vtkCommonCore.pdb' was not found with 'vtkCommonCore-8.0-gd.lib(vtkInformationIterator.obj)' or at 'D:\TOSHIBA_DT01ACA300\common\PclCSharp\src\PclSharpWrapper\x64\Debug\vtkCommonCore.pdb'; linking object as if no debug info
vtkCommonCore-8.0-gd.lib(vtkInformationKey.obj) : warning LNK4099: PDB 'vtkCommonCore.pdb' was not found with 'vtkCommonCore-8.0-gd.lib(vtkInformationKey.obj)' or at 'D:\TOSHIBA_DT01ACA300\common\PclCSharp\src\PclSharpWrapper\x64\Debug\vtkCommonCore.pdb'; linking object as if no debug info
vtkCommonCore-8.0-gd.lib(vtkInformationKeyLookup.obj) : warning LNK4099: PDB 'vtkCommonCore.pdb' was not found with 'vtkCommonCore-8.0-gd.lib(vtkInformationKeyLookup.obj)' or at 'D:\TOSHIBA_DT01ACA300\common\PclCSharp\src\PclSharpWrapper\x64\Debug\vtkCommonCore.pdb'; linking object as if no debug info
vtkCommonCore-8.0-gd.lib(vtkInformationKeyVectorKey.obj) : warning LNK4099: PDB 'vtkCommonCore.pdb' was not found with 'vtkCommonCore-8.0-gd.lib(vtkInformationKeyVectorKey.obj)' or at 'D:\TOSHIBA_DT01ACA300\common\PclCSharp\src\PclSharpWrapper\x64\Debug\vtkCommonCore.pdb'; linking object as if no debug info
vtkCommonCore-8.0-gd.lib(vtkInformationObjectBaseKey.obj) : warning LNK4099: PDB 'vtkCommonCore.pdb' was not found with 'vtkCommonCore-8.0-gd.lib(vtkInformationObjectBaseKey.obj)' or at 'D:\TOSHIBA_DT01ACA300\common\PclCSharp\src\PclSharpWrapper\x64\Debug\vtkCommonCore.pdb'; linking object as if no debug info
vtkCommonCore-8.0-gd.lib(vtkInformationObjectBaseVectorKey.obj) : warning LNK4099: PDB 'vtkCommonCore.pdb' was not found with 'vtkCommonCore-8.0-gd.lib(vtkInformationObjectBaseVectorKey.obj)' or at 'D:\TOSHIBA_DT01ACA300\common\PclCSharp\src\PclSharpWrapper\x64\Debug\vtkCommonCore.pdb'; linking object as if no debug info
vtkCommonCore-8.0-gd.lib(vtkInformationRequestKey.obj) : warning LNK4099: PDB 'vtkCommonCore.pdb' was not found with 'vtkCommonCore-8.0-gd.lib(vtkInformationRequestKey.obj)' or at 'D:\TOSHIBA_DT01ACA300\common\PclCSharp\src\PclSharpWrapper\x64\Debug\vtkCommonCore.pdb'; linking object as if no debug info
vtkCommonCore-8.0-gd.lib(vtkInformationStringKey.obj) : warning LNK4099: PDB 'vtkCommonCore.pdb' was not found with 'vtkCommonCore-8.0-gd.lib(vtkInformationStringKey.obj)' or at 'D:\TOSHIBA_DT01ACA300\common\PclCSharp\src\PclSharpWrapper\x64\Debug\vtkCommonCore.pdb'; linking object as if no debug info
vtkCommonCore-8.0-gd.lib(vtkInformationStringVectorKey.obj) : warning LNK4099: PDB 'vtkCommonCore.pdb' was not found with 'vtkCommonCore-8.0-gd.lib(vtkInformationStringVectorKey.obj)' or at 'D:\TOSHIBA_DT01ACA300\common\PclCSharp\src\PclSharpWrapper\x64\Debug\vtkCommonCore.pdb'; linking object as if no debug info
vtkCommonCore-8.0-gd.lib(vtkInformationUnsignedLongKey.obj) : warning LNK4099: PDB 'vtkCommonCore.pdb' was not found with 'vtkCommonCore-8.0-gd.lib(vtkInformationUnsignedLongKey.obj)' or at 'D:\TOSHIBA_DT01ACA300\common\PclCSharp\src\PclSharpWrapper\x64\Debug\vtkCommonCore.pdb'; linking object as if no debug info
vtkCommonCore-8.0-gd.lib(vtkInformationVariantKey.obj) : warning LNK4099: PDB 'vtkCommonCore.pdb' was not found with 'vtkCommonCore-8.0-gd.lib(vtkInformationVariantKey.obj)' or at 'D:\TOSHIBA_DT01ACA300\common\PclCSharp\src\PclSharpWrapper\x64\Debug\vtkCommonCore.pdb'; linking object as if no debug info
vtkCommonCore-8.0-gd.lib(vtkInformationVariantVectorKey.obj) : warning LNK4099: PDB '' was not found with 'vtkCommonCore-8.0-gd.lib(vtkInformationVariantVectorKey.obj)' or at ''; linking object as if no debug info
vtkCommonCore-8.0-gd.lib(vtkInformationVector.obj) : warning LNK4099: PDB 'vtkCommonCore.pdb' was not found with 'vtkCommonCore-8.0-gd.lib(vtkInformationVector.obj)' or at 'D:\TOSHIBA_DT01ACA300\common\PclCSharp\src\PclSharpWrapper\x64\Debug\vtkCommonCore.pdb'; linking object as if no debug info
vtkCommonCore-8.0-gd.lib(vtkInstantiator.obj) : warning LNK4099: PDB 'vtkCommonCore.pdb' was not found with 'vtkCommonCore-8.0-gd.lib(vtkInstantiator.obj)' or at 'D:\TOSHIBA_DT01ACA300\common\PclCSharp\src\PclSharpWrapper\x64\Debug\vtkCommonCore.pdb'; linking object as if no debug info
vtkCommonCore-8.0-gd.lib(vtkIntArray.obj) : warning LNK4099: PDB 'vtkCommonCore.pdb' was not found with 'vtkCommonCore-8.0-gd.lib(vtkIntArray.obj)' or at 'D:\TOSHIBA_DT01ACA300\common\PclCSharp\src\PclSharpWrapper\x64\Debug\vtkCommonCore.pdb'; linking object as if no debug info
vtkCommonCore-8.0-gd.lib(vtkLargeInteger.obj) : warning LNK4099: PDB 'vtkCommonCore.pdb' was not found with 'vtkCommonCore-8.0-gd.lib(vtkLargeInteger.obj)' or at 'D:\TOSHIBA_DT01ACA300\common\PclCSharp\src\PclSharpWrapper\x64\Debug\vtkCommonCore.pdb'; linking object as if no debug info
vtkCommonCore-8.0-gd.lib(vtkLongArray.obj) : warning LNK4099: PDB 'vtkCommonCore.pdb' was not found with 'vtkCommonCore-8.0-gd.lib(vtkLongArray.obj)' or at 'D:\TOSHIBA_DT01ACA300\common\PclCSharp\src\PclSharpWrapper\x64\Debug\vtkCommonCore.pdb'; linking object as if no debug info
vtkCommonCore-8.0-gd.lib(vtkLongLongArray.obj) : warning LNK4099: PDB 'vtkCommonCore.pdb' was not found with 'vtkCommonCore-8.0-gd.lib(vtkLongLongArray.obj)' or at 'D:\TOSHIBA_DT01ACA300\common\PclCSharp\src\PclSharpWrapper\x64\Debug\vtkCommonCore.pdb'; linking object as if no debug info
vtkCommonCore-8.0-gd.lib(vtkLookupTable.obj) : warning LNK4099: PDB 'vtkCommonCore.pdb' was not found with 'vtkCommonCore-8.0-gd.lib(vtkLookupTable.obj)' or at 'D:\TOSHIBA_DT01ACA300\common\PclCSharp\src\PclSharpWrapper\x64\Debug\vtkCommonCore.pdb'; linking object as if no debug info
vtkCommonCore-8.0-gd.lib(vtkMath.obj) : warning LNK4099: PDB 'vtkCommonCore.pdb' was not found with 'vtkCommonCore-8.0-gd.lib(vtkMath.obj)' or at 'D:\TOSHIBA_DT01ACA300\common\PclCSharp\src\PclSharpWrapper\x64\Debug\vtkCommonCore.pdb'; linking object as if no debug info
vtkCommonCore-8.0-gd.lib(vtkMinimalStandardRandomSequence.obj) : warning LNK4099: PDB '' was not found with 'vtkCommonCore-8.0-gd.lib(vtkMinimalStandardRandomSequence.obj)' or at ''; linking object as if no debug info
vtkCommonCore-8.0-gd.lib(vtkMultiThreader.obj) : warning LNK4099: PDB 'vtkCommonCore.pdb' was not found with 'vtkCommonCore-8.0-gd.lib(vtkMultiThreader.obj)' or at 'D:\TOSHIBA_DT01ACA300\common\PclCSharp\src\PclSharpWrapper\x64\Debug\vtkCommonCore.pdb'; linking object as if no debug info
vtkCommonCore-8.0-gd.lib(vtkMutexLock.obj) : warning LNK4099: PDB 'vtkCommonCore.pdb' was not found with 'vtkCommonCore-8.0-gd.lib(vtkMutexLock.obj)' or at 'D:\TOSHIBA_DT01ACA300\common\PclCSharp\src\PclSharpWrapper\x64\Debug\vtkCommonCore.pdb'; linking object as if no debug info
vtkCommonCore-8.0-gd.lib(vtkObjectBase.obj) : warning LNK4099: PDB 'vtkCommonCore.pdb' was not found with 'vtkCommonCore-8.0-gd.lib(vtkObjectBase.obj)' or at 'D:\TOSHIBA_DT01ACA300\common\PclCSharp\src\PclSharpWrapper\x64\Debug\vtkCommonCore.pdb'; linking object as if no debug info
vtkCommonCore-8.0-gd.lib(vtkObject.obj) : warning LNK4099: PDB 'vtkCommonCore.pdb' was not found with 'vtkCommonCore-8.0-gd.lib(vtkObject.obj)' or at 'D:\TOSHIBA_DT01ACA300\common\PclCSharp\src\PclSharpWrapper\x64\Debug\vtkCommonCore.pdb'; linking object as if no debug info
vtkCommonCore-8.0-gd.lib(vtkObjectFactoryCollection.obj) : warning LNK4099: PDB 'vtkCommonCore.pdb' was not found with 'vtkCommonCore-8.0-gd.lib(vtkObjectFactoryCollection.obj)' or at 'D:\TOSHIBA_DT01ACA300\common\PclCSharp\src\PclSharpWrapper\x64\Debug\vtkCommonCore.pdb'; linking object as if no debug info
vtkCommonCore-8.0-gd.lib(vtkObjectFactory.obj) : warning LNK4099: PDB 'vtkCommonCore.pdb' was not found with 'vtkCommonCore-8.0-gd.lib(vtkObjectFactory.obj)' or at 'D:\TOSHIBA_DT01ACA300\common\PclCSharp\src\PclSharpWrapper\x64\Debug\vtkCommonCore.pdb'; linking object as if no debug info
vtkCommonCore-8.0-gd.lib(vtkOStreamWrapper.obj) : warning LNK4099: PDB 'vtkCommonCore.pdb' was not found with 'vtkCommonCore-8.0-gd.lib(vtkOStreamWrapper.obj)' or at 'D:\TOSHIBA_DT01ACA300\common\PclCSharp\src\PclSharpWrapper\x64\Debug\vtkCommonCore.pdb'; linking object as if no debug info
vtkCommonCore-8.0-gd.lib(vtkOStrStreamWrapper.obj) : warning LNK4099: PDB 'vtkCommonCore.pdb' was not found with 'vtkCommonCore-8.0-gd.lib(vtkOStrStreamWrapper.obj)' or at 'D:\TOSHIBA_DT01ACA300\common\PclCSharp\src\PclSharpWrapper\x64\Debug\vtkCommonCore.pdb'; linking object as if no debug info
vtkCommonCore-8.0-gd.lib(vtkOutputWindow.obj) : warning LNK4099: PDB 'vtkCommonCore.pdb' was not found with 'vtkCommonCore-8.0-gd.lib(vtkOutputWindow.obj)' or at 'D:\TOSHIBA_DT01ACA300\common\PclCSharp\src\PclSharpWrapper\x64\Debug\vtkCommonCore.pdb'; linking object as if no debug info
vtkCommonCore-8.0-gd.lib(vtkOverrideInformation.obj) : warning LNK4099: PDB 'vtkCommonCore.pdb' was not found with 'vtkCommonCore-8.0-gd.lib(vtkOverrideInformation.obj)' or at 'D:\TOSHIBA_DT01ACA300\common\PclCSharp\src\PclSharpWrapper\x64\Debug\vtkCommonCore.pdb'; linking object as if no debug info
vtkCommonCore-8.0-gd.lib(vtkPoints.obj) : warning LNK4099: PDB 'vtkCommonCore.pdb' was not found with 'vtkCommonCore-8.0-gd.lib(vtkPoints.obj)' or at 'D:\TOSHIBA_DT01ACA300\common\PclCSharp\src\PclSharpWrapper\x64\Debug\vtkCommonCore.pdb'; linking object as if no debug info
vtkCommonCore-8.0-gd.lib(vtkPriorityQueue.obj) : warning LNK4099: PDB 'vtkCommonCore.pdb' was not found with 'vtkCommonCore-8.0-gd.lib(vtkPriorityQueue.obj)' or at 'D:\TOSHIBA_DT01ACA300\common\PclCSharp\src\PclSharpWrapper\x64\Debug\vtkCommonCore.pdb'; linking object as if no debug info
vtkCommonCore-8.0-gd.lib(vtkRandomSequence.obj) : warning LNK4099: PDB 'vtkCommonCore.pdb' was not found with 'vtkCommonCore-8.0-gd.lib(vtkRandomSequence.obj)' or at 'D:\TOSHIBA_DT01ACA300\common\PclCSharp\src\PclSharpWrapper\x64\Debug\vtkCommonCore.pdb'; linking object as if no debug info
vtkCommonCore-8.0-gd.lib(vtkScalarsToColors.obj) : warning LNK4099: PDB 'vtkCommonCore.pdb' was not found with 'vtkCommonCore-8.0-gd.lib(vtkScalarsToColors.obj)' or at 'D:\TOSHIBA_DT01ACA300\common\PclCSharp\src\PclSharpWrapper\x64\Debug\vtkCommonCore.pdb'; linking object as if no debug info
vtkCommonCore-8.0-gd.lib(vtkShortArray.obj) : warning LNK4099: PDB 'vtkCommonCore.pdb' was not found with 'vtkCommonCore-8.0-gd.lib(vtkShortArray.obj)' or at 'D:\TOSHIBA_DT01ACA300\common\PclCSharp\src\PclSharpWrapper\x64\Debug\vtkCommonCore.pdb'; linking object as if no debug info
vtkCommonCore-8.0-gd.lib(vtkSignedCharArray.obj) : warning LNK4099: PDB 'vtkCommonCore.pdb' was not found with 'vtkCommonCore-8.0-gd.lib(vtkSignedCharArray.obj)' or at 'D:\TOSHIBA_DT01ACA300\common\PclCSharp\src\PclSharpWrapper\x64\Debug\vtkCommonCore.pdb'; linking object as if no debug info
vtkCommonCore-8.0-gd.lib(vtkSimpleCriticalSection.obj) : warning LNK4099: PDB 'vtkCommonCore.pdb' was not found with 'vtkCommonCore-8.0-gd.lib(vtkSimpleCriticalSection.obj)' or at 'D:\TOSHIBA_DT01ACA300\common\PclCSharp\src\PclSharpWrapper\x64\Debug\vtkCommonCore.pdb'; linking object as if no debug info
vtkCommonCore-8.0-gd.lib(vtkSmartPointerBase.obj) : warning LNK4099: PDB 'vtkCommonCore.pdb' was not found with 'vtkCommonCore-8.0-gd.lib(vtkSmartPointerBase.obj)' or at 'D:\TOSHIBA_DT01ACA300\common\PclCSharp\src\PclSharpWrapper\x64\Debug\vtkCommonCore.pdb'; linking object as if no debug info
vtkCommonCore-8.0-gd.lib(vtkSortDataArray.obj) : warning LNK4099: PDB 'vtkCommonCore.pdb' was not found with 'vtkCommonCore-8.0-gd.lib(vtkSortDataArray.obj)' or at 'D:\TOSHIBA_DT01ACA300\common\PclCSharp\src\PclSharpWrapper\x64\Debug\vtkCommonCore.pdb'; linking object as if no debug info
vtkCommonCore-8.0-gd.lib(vtkStdString.obj) : warning LNK4099: PDB 'vtkCommonCore.pdb' was not found with 'vtkCommonCore-8.0-gd.lib(vtkStdString.obj)' or at 'D:\TOSHIBA_DT01ACA300\common\PclCSharp\src\PclSharpWrapper\x64\Debug\vtkCommonCore.pdb'; linking object as if no debug info
vtkCommonCore-8.0-gd.lib(vtkStringArray.obj) : warning LNK4099: PDB 'vtkCommonCore.pdb' was not found with 'vtkCommonCore-8.0-gd.lib(vtkStringArray.obj)' or at 'D:\TOSHIBA_DT01ACA300\common\PclCSharp\src\PclSharpWrapper\x64\Debug\vtkCommonCore.pdb'; linking object as if no debug info
vtkCommonCore-8.0-gd.lib(vtkTimeStamp.obj) : warning LNK4099: PDB 'vtkCommonCore.pdb' was not found with 'vtkCommonCore-8.0-gd.lib(vtkTimeStamp.obj)' or at 'D:\TOSHIBA_DT01ACA300\common\PclCSharp\src\PclSharpWrapper\x64\Debug\vtkCommonCore.pdb'; linking object as if no debug info
vtkCommonCore-8.0-gd.lib(vtkUnicodeStringArray.obj) : warning LNK4099: PDB 'vtkCommonCore.pdb' was not found with 'vtkCommonCore-8.0-gd.lib(vtkUnicodeStringArray.obj)' or at 'D:\TOSHIBA_DT01ACA300\common\PclCSharp\src\PclSharpWrapper\x64\Debug\vtkCommonCore.pdb'; linking object as if no debug info
vtkCommonCore-8.0-gd.lib(vtkUnicodeString.obj) : warning LNK4099: PDB 'vtkCommonCore.pdb' was not found with 'vtkCommonCore-8.0-gd.lib(vtkUnicodeString.obj)' or at 'D:\TOSHIBA_DT01ACA300\common\PclCSharp\src\PclSharpWrapper\x64\Debug\vtkCommonCore.pdb'; linking object as if no debug info
vtkCommonCore-8.0-gd.lib(vtkUnsignedCharArray.obj) : warning LNK4099: PDB 'vtkCommonCore.pdb' was not found with 'vtkCommonCore-8.0-gd.lib(vtkUnsignedCharArray.obj)' or at 'D:\TOSHIBA_DT01ACA300\common\PclCSharp\src\PclSharpWrapper\x64\Debug\vtkCommonCore.pdb'; linking object as if no debug info
vtkCommonCore-8.0-gd.lib(vtkUnsignedIntArray.obj) : warning LNK4099: PDB 'vtkCommonCore.pdb' was not found with 'vtkCommonCore-8.0-gd.lib(vtkUnsignedIntArray.obj)' or at 'D:\TOSHIBA_DT01ACA300\common\PclCSharp\src\PclSharpWrapper\x64\Debug\vtkCommonCore.pdb'; linking object as if no debug info
vtkCommonCore-8.0-gd.lib(vtkUnsignedLongArray.obj) : warning LNK4099: PDB 'vtkCommonCore.pdb' was not found with 'vtkCommonCore-8.0-gd.lib(vtkUnsignedLongArray.obj)' or at 'D:\TOSHIBA_DT01ACA300\common\PclCSharp\src\PclSharpWrapper\x64\Debug\vtkCommonCore.pdb'; linking object as if no debug info
vtkCommonCore-8.0-gd.lib(vtkUnsignedLongLongArray.obj) : warning LNK4099: PDB 'vtkCommonCore.pdb' was not found with 'vtkCommonCore-8.0-gd.lib(vtkUnsignedLongLongArray.obj)' or at 'D:\TOSHIBA_DT01ACA300\common\PclCSharp\src\PclSharpWrapper\x64\Debug\vtkCommonCore.pdb'; linking object as if no debug info
vtkCommonCore-8.0-gd.lib(vtkUnsignedShortArray.obj) : warning LNK4099: PDB 'vtkCommonCore.pdb' was not found with 'vtkCommonCore-8.0-gd.lib(vtkUnsignedShortArray.obj)' or at 'D:\TOSHIBA_DT01ACA300\common\PclCSharp\src\PclSharpWrapper\x64\Debug\vtkCommonCore.pdb'; linking object as if no debug info
vtkCommonCore-8.0-gd.lib(vtkVariantArray.obj) : warning LNK4099: PDB 'vtkCommonCore.pdb' was not found with 'vtkCommonCore-8.0-gd.lib(vtkVariantArray.obj)' or at 'D:\TOSHIBA_DT01ACA300\common\PclCSharp\src\PclSharpWrapper\x64\Debug\vtkCommonCore.pdb'; linking object as if no debug info
vtkCommonCore-8.0-gd.lib(vtkVariant.obj) : warning LNK4099: PDB 'vtkCommonCore.pdb' was not found with 'vtkCommonCore-8.0-gd.lib(vtkVariant.obj)' or at 'D:\TOSHIBA_DT01ACA300\common\PclCSharp\src\PclSharpWrapper\x64\Debug\vtkCommonCore.pdb'; linking object as if no debug info
vtkCommonCore-8.0-gd.lib(vtkVoidArray.obj) : warning LNK4099: PDB 'vtkCommonCore.pdb' was not found with 'vtkCommonCore-8.0-gd.lib(vtkVoidArray.obj)' or at 'D:\TOSHIBA_DT01ACA300\common\PclCSharp\src\PclSharpWrapper\x64\Debug\vtkCommonCore.pdb'; linking object as if no debug info
vtkCommonCore-8.0-gd.lib(vtkAtomic.obj) : warning LNK4099: PDB 'vtkCommonCore.pdb' was not found with 'vtkCommonCore-8.0-gd.lib(vtkAtomic.obj)' or at 'D:\TOSHIBA_DT01ACA300\common\PclCSharp\src\PclSharpWrapper\x64\Debug\vtkCommonCore.pdb'; linking object as if no debug info
vtkCommonCore-8.0-gd.lib(vtkWin32OutputWindow.obj) : warning LNK4099: PDB '' was not found with 'vtkCommonCore-8.0-gd.lib(vtkWin32OutputWindow.obj)' or at ''; linking object as if no debug info
vtkCommonDataModel-8.0-gd.lib(vtkAbstractCellLinks.obj) : warning LNK4099: PDB 'vtkCommonDataModel.pdb' was not found with 'vtkCommonDataModel-8.0-gd.lib(vtkAbstractCellLinks.obj)' or at 'D:\TOSHIBA_DT01ACA300\common\PclCSharp\src\PclSharpWrapper\x64\Debug\vtkCommonDataModel.pdb'; linking object as if no debug info
vtkCommonDataModel-8.0-gd.lib(vtkAbstractCellLocator.obj) : warning LNK4099: PDB 'vtkCommonDataModel.pdb' was not found with 'vtkCommonDataModel-8.0-gd.lib(vtkAbstractCellLocator.obj)' or at 'D:\TOSHIBA_DT01ACA300\common\PclCSharp\src\PclSharpWrapper\x64\Debug\vtkCommonDataModel.pdb'; linking object as if no debug info
vtkCommonDataModel-8.0-gd.lib(vtkAbstractPointLocator.obj) : warning LNK4099: PDB 'vtkCommonDataModel.pdb' was not found with 'vtkCommonDataModel-8.0-gd.lib(vtkAbstractPointLocator.obj)' or at 'D:\TOSHIBA_DT01ACA300\common\PclCSharp\src\PclSharpWrapper\x64\Debug\vtkCommonDataModel.pdb'; linking object as if no debug info
vtkCommonDataModel-8.0-gd.lib(vtkAdjacentVertexIterator.obj) : warning LNK4099: PDB 'vtkCommonDataModel.pdb' was not found with 'vtkCommonDataModel-8.0-gd.lib(vtkAdjacentVertexIterator.obj)' or at 'D:\TOSHIBA_DT01ACA300\common\PclCSharp\src\PclSharpWrapper\x64\Debug\vtkCommonDataModel.pdb'; linking object as if no debug info
vtkCommonDataModel-8.0-gd.lib(vtkAMRBox.obj) : warning LNK4099: PDB 'vtkCommonDataModel.pdb' was not found with 'vtkCommonDataModel-8.0-gd.lib(vtkAMRBox.obj)' or at 'D:\TOSHIBA_DT01ACA300\common\PclCSharp\src\PclSharpWrapper\x64\Debug\vtkCommonDataModel.pdb'; linking object as if no debug info
vtkCommonDataModel-8.0-gd.lib(vtkAnnotation.obj) : warning LNK4099: PDB 'vtkCommonDataModel.pdb' was not found with 'vtkCommonDataModel-8.0-gd.lib(vtkAnnotation.obj)' or at 'D:\TOSHIBA_DT01ACA300\common\PclCSharp\src\PclSharpWrapper\x64\Debug\vtkCommonDataModel.pdb'; linking object as if no debug info
vtkCommonDataModel-8.0-gd.lib(vtkAnnotationLayers.obj) : warning LNK4099: PDB 'vtkCommonDataModel.pdb' was not found with 'vtkCommonDataModel-8.0-gd.lib(vtkAnnotationLayers.obj)' or at 'D:\TOSHIBA_DT01ACA300\common\PclCSharp\src\PclSharpWrapper\x64\Debug\vtkCommonDataModel.pdb'; linking object as if no debug info
vtkCommonDataModel-8.0-gd.lib(vtkArrayData.obj) : warning LNK4099: PDB 'vtkCommonDataModel.pdb' was not found with 'vtkCommonDataModel-8.0-gd.lib(vtkArrayData.obj)' or at 'D:\TOSHIBA_DT01ACA300\common\PclCSharp\src\PclSharpWrapper\x64\Debug\vtkCommonDataModel.pdb'; linking object as if no debug info
vtkCommonDataModel-8.0-gd.lib(vtkBiQuadraticQuad.obj) : warning LNK4099: PDB 'vtkCommonDataModel.pdb' was not found with 'vtkCommonDataModel-8.0-gd.lib(vtkBiQuadraticQuad.obj)' or at 'D:\TOSHIBA_DT01ACA300\common\PclCSharp\src\PclSharpWrapper\x64\Debug\vtkCommonDataModel.pdb'; linking object as if no debug info
vtkCommonDataModel-8.0-gd.lib(vtkBiQuadraticQuadraticHexahedron.obj) : warning LNK4099: PDB 'vtkCommonDataModel.pdb' was not found with 'vtkCommonDataModel-8.0-gd.lib(vtkBiQuadraticQuadraticHexahedron.obj)' or at 'D:\TOSHIBA_DT01ACA300\common\PclCSharp\src\PclSharpWrapper\x64\Debug\vtkCommonDataModel.pdb'; linking object as if no debug info
vtkCommonDataModel-8.0-gd.lib(vtkBiQuadraticQuadraticWedge.obj) : warning LNK4099: PDB 'vtkCommonDataModel.pdb' was not found with 'vtkCommonDataModel-8.0-gd.lib(vtkBiQuadraticQuadraticWedge.obj)' or at 'D:\TOSHIBA_DT01ACA300\common\PclCSharp\src\PclSharpWrapper\x64\Debug\vtkCommonDataModel.pdb'; linking object as if no debug info
vtkCommonDataModel-8.0-gd.lib(vtkBiQuadraticTriangle.obj) : warning LNK4099: PDB 'vtkCommonDataModel.pdb' was not found with 'vtkCommonDataModel-8.0-gd.lib(vtkBiQuadraticTriangle.obj)' or at 'D:\TOSHIBA_DT01ACA300\common\PclCSharp\src\PclSharpWrapper\x64\Debug\vtkCommonDataModel.pdb'; linking object as if no debug info
vtkCommonDataModel-8.0-gd.lib(vtkBox.obj) : warning LNK4099: PDB 'vtkCommonDataModel.pdb' was not found with 'vtkCommonDataModel-8.0-gd.lib(vtkBox.obj)' or at 'D:\TOSHIBA_DT01ACA300\common\PclCSharp\src\PclSharpWrapper\x64\Debug\vtkCommonDataModel.pdb'; linking object as if no debug info
vtkCommonDataModel-8.0-gd.lib(vtkCell3D.obj) : warning LNK4099: PDB 'vtkCommonDataModel.pdb' was not found with 'vtkCommonDataModel-8.0-gd.lib(vtkCell3D.obj)' or at 'D:\TOSHIBA_DT01ACA300\common\PclCSharp\src\PclSharpWrapper\x64\Debug\vtkCommonDataModel.pdb'; linking object as if no debug info
vtkCommonDataModel-8.0-gd.lib(vtkCellArray.obj) : warning LNK4099: PDB 'vtkCommonDataModel.pdb' was not found with 'vtkCommonDataModel-8.0-gd.lib(vtkCellArray.obj)' or at 'D:\TOSHIBA_DT01ACA300\common\PclCSharp\src\PclSharpWrapper\x64\Debug\vtkCommonDataModel.pdb'; linking object as if no debug info
vtkCommonDataModel-8.0-gd.lib(vtkCell.obj) : warning LNK4099: PDB 'vtkCommonDataModel.pdb' was not found with 'vtkCommonDataModel-8.0-gd.lib(vtkCell.obj)' or at 'D:\TOSHIBA_DT01ACA300\common\PclCSharp\src\PclSharpWrapper\x64\Debug\vtkCommonDataModel.pdb'; linking object as if no debug info
vtkCommonDataModel-8.0-gd.lib(vtkCellData.obj) : warning LNK4099: PDB 'vtkCommonDataModel.pdb' was not found with 'vtkCommonDataModel-8.0-gd.lib(vtkCellData.obj)' or at 'D:\TOSHIBA_DT01ACA300\common\PclCSharp\src\PclSharpWrapper\x64\Debug\vtkCommonDataModel.pdb'; linking object as if no debug info
vtkCommonDataModel-8.0-gd.lib(vtkCellIterator.obj) : warning LNK4099: PDB 'vtkCommonDataModel.pdb' was not found with 'vtkCommonDataModel-8.0-gd.lib(vtkCellIterator.obj)' or at 'D:\TOSHIBA_DT01ACA300\common\PclCSharp\src\PclSharpWrapper\x64\Debug\vtkCommonDataModel.pdb'; linking object as if no debug info
vtkCommonDataModel-8.0-gd.lib(vtkCellLinks.obj) : warning LNK4099: PDB 'vtkCommonDataModel.pdb' was not found with 'vtkCommonDataModel-8.0-gd.lib(vtkCellLinks.obj)' or at 'D:\TOSHIBA_DT01ACA300\common\PclCSharp\src\PclSharpWrapper\x64\Debug\vtkCommonDataModel.pdb'; linking object as if no debug info
vtkCommonDataModel-8.0-gd.lib(vtkCellLocator.obj) : warning LNK4099: PDB 'vtkCommonDataModel.pdb' was not found with 'vtkCommonDataModel-8.0-gd.lib(vtkCellLocator.obj)' or at 'D:\TOSHIBA_DT01ACA300\common\PclCSharp\src\PclSharpWrapper\x64\Debug\vtkCommonDataModel.pdb'; linking object as if no debug info
vtkCommonDataModel-8.0-gd.lib(vtkCellTypes.obj) : warning LNK4099: PDB 'vtkCommonDataModel.pdb' was not found with 'vtkCommonDataModel-8.0-gd.lib(vtkCellTypes.obj)' or at 'D:\TOSHIBA_DT01ACA300\common\PclCSharp\src\PclSharpWrapper\x64\Debug\vtkCommonDataModel.pdb'; linking object as if no debug info
vtkCommonDataModel-8.0-gd.lib(vtkCompositeDataSet.obj) : warning LNK4099: PDB 'vtkCommonDataModel.pdb' was not found with 'vtkCommonDataModel-8.0-gd.lib(vtkCompositeDataSet.obj)' or at 'D:\TOSHIBA_DT01ACA300\common\PclCSharp\src\PclSharpWrapper\x64\Debug\vtkCommonDataModel.pdb'; linking object as if no debug info
vtkCommonDataModel-8.0-gd.lib(vtkCompositeDataIterator.obj) : warning LNK4099: PDB 'vtkCommonDataModel.pdb' was not found with 'vtkCommonDataModel-8.0-gd.lib(vtkCompositeDataIterator.obj)' or at 'D:\TOSHIBA_DT01ACA300\common\PclCSharp\src\PclSharpWrapper\x64\Debug\vtkCommonDataModel.pdb'; linking object as if no debug info
vtkCommonDataModel-8.0-gd.lib(vtkConvexPointSet.obj) : warning LNK4099: PDB 'vtkCommonDataModel.pdb' was not found with 'vtkCommonDataModel-8.0-gd.lib(vtkConvexPointSet.obj)' or at 'D:\TOSHIBA_DT01ACA300\common\PclCSharp\src\PclSharpWrapper\x64\Debug\vtkCommonDataModel.pdb'; linking object as if no debug info
vtkCommonDataModel-8.0-gd.lib(vtkCubicLine.obj) : warning LNK4099: PDB 'vtkCommonDataModel.pdb' was not found with 'vtkCommonDataModel-8.0-gd.lib(vtkCubicLine.obj)' or at 'D:\TOSHIBA_DT01ACA300\common\PclCSharp\src\PclSharpWrapper\x64\Debug\vtkCommonDataModel.pdb'; linking object as if no debug info
vtkCommonDataModel-8.0-gd.lib(vtkDataSetCellIterator.obj) : warning LNK4099: PDB 'vtkCommonDataModel.pdb' was not found with 'vtkCommonDataModel-8.0-gd.lib(vtkDataSetCellIterator.obj)' or at 'D:\TOSHIBA_DT01ACA300\common\PclCSharp\src\PclSharpWrapper\x64\Debug\vtkCommonDataModel.pdb'; linking object as if no debug info
vtkCommonDataModel-8.0-gd.lib(vtkDataObject.obj) : warning LNK4099: PDB 'vtkCommonDataModel.pdb' was not found with 'vtkCommonDataModel-8.0-gd.lib(vtkDataObject.obj)' or at 'D:\TOSHIBA_DT01ACA300\common\PclCSharp\src\PclSharpWrapper\x64\Debug\vtkCommonDataModel.pdb'; linking object as if no debug info
vtkCommonDataModel-8.0-gd.lib(vtkDataObjectTypes.obj) : warning LNK4099: PDB 'vtkCommonDataModel.pdb' was not found with 'vtkCommonDataModel-8.0-gd.lib(vtkDataObjectTypes.obj)' or at 'D:\TOSHIBA_DT01ACA300\common\PclCSharp\src\PclSharpWrapper\x64\Debug\vtkCommonDataModel.pdb'; linking object as if no debug info
vtkCommonDataModel-8.0-gd.lib(vtkDataObjectTree.obj) : warning LNK4099: PDB 'vtkCommonDataModel.pdb' was not found with 'vtkCommonDataModel-8.0-gd.lib(vtkDataObjectTree.obj)' or at 'D:\TOSHIBA_DT01ACA300\common\PclCSharp\src\PclSharpWrapper\x64\Debug\vtkCommonDataModel.pdb'; linking object as if no debug info
vtkCommonDataModel-8.0-gd.lib(vtkDataObjectTreeIterator.obj) : warning LNK4099: PDB 'vtkCommonDataModel.pdb' was not found with 'vtkCommonDataModel-8.0-gd.lib(vtkDataObjectTreeIterator.obj)' or at 'D:\TOSHIBA_DT01ACA300\common\PclCSharp\src\PclSharpWrapper\x64\Debug\vtkCommonDataModel.pdb'; linking object as if no debug info
vtkCommonDataModel-8.0-gd.lib(vtkDataSetAttributes.obj) : warning LNK4099: PDB 'vtkCommonDataModel.pdb' was not found with 'vtkCommonDataModel-8.0-gd.lib(vtkDataSetAttributes.obj)' or at 'D:\TOSHIBA_DT01ACA300\common\PclCSharp\src\PclSharpWrapper\x64\Debug\vtkCommonDataModel.pdb'; linking object as if no debug info
vtkCommonDataModel-8.0-gd.lib(vtkDataSet.obj) : warning LNK4099: PDB 'vtkCommonDataModel.pdb' was not found with 'vtkCommonDataModel-8.0-gd.lib(vtkDataSet.obj)' or at 'D:\TOSHIBA_DT01ACA300\common\PclCSharp\src\PclSharpWrapper\x64\Debug\vtkCommonDataModel.pdb'; linking object as if no debug info
vtkCommonDataModel-8.0-gd.lib(vtkDirectedAcyclicGraph.obj) : warning LNK4099: PDB 'vtkCommonDataModel.pdb' was not found with 'vtkCommonDataModel-8.0-gd.lib(vtkDirectedAcyclicGraph.obj)' or at 'D:\TOSHIBA_DT01ACA300\common\PclCSharp\src\PclSharpWrapper\x64\Debug\vtkCommonDataModel.pdb'; linking object as if no debug info
vtkCommonDataModel-8.0-gd.lib(vtkDirectedGraph.obj) : warning LNK4099: PDB 'vtkCommonDataModel.pdb' was not found with 'vtkCommonDataModel-8.0-gd.lib(vtkDirectedGraph.obj)' or at 'D:\TOSHIBA_DT01ACA300\common\PclCSharp\src\PclSharpWrapper\x64\Debug\vtkCommonDataModel.pdb'; linking object as if no debug info
vtkCommonDataModel-8.0-gd.lib(vtkDistributedGraphHelper.obj) : warning LNK4099: PDB 'vtkCommonDataModel.pdb' was not found with 'vtkCommonDataModel-8.0-gd.lib(vtkDistributedGraphHelper.obj)' or at 'D:\TOSHIBA_DT01ACA300\common\PclCSharp\src\PclSharpWrapper\x64\Debug\vtkCommonDataModel.pdb'; linking object as if no debug info
vtkCommonDataModel-8.0-gd.lib(vtkEdgeListIterator.obj) : warning LNK4099: PDB 'vtkCommonDataModel.pdb' was not found with 'vtkCommonDataModel-8.0-gd.lib(vtkEdgeListIterator.obj)' or at 'D:\TOSHIBA_DT01ACA300\common\PclCSharp\src\PclSharpWrapper\x64\Debug\vtkCommonDataModel.pdb'; linking object as if no debug info
vtkCommonDataModel-8.0-gd.lib(vtkEdgeTable.obj) : warning LNK4099: PDB 'vtkCommonDataModel.pdb' was not found with 'vtkCommonDataModel-8.0-gd.lib(vtkEdgeTable.obj)' or at 'D:\TOSHIBA_DT01ACA300\common\PclCSharp\src\PclSharpWrapper\x64\Debug\vtkCommonDataModel.pdb'; linking object as if no debug info
vtkCommonDataModel-8.0-gd.lib(vtkEmptyCell.obj) : warning LNK4099: PDB 'vtkCommonDataModel.pdb' was not found with 'vtkCommonDataModel-8.0-gd.lib(vtkEmptyCell.obj)' or at 'D:\TOSHIBA_DT01ACA300\common\PclCSharp\src\PclSharpWrapper\x64\Debug\vtkCommonDataModel.pdb'; linking object as if no debug info
vtkCommonDataModel-8.0-gd.lib(vtkFieldData.obj) : warning LNK4099: PDB 'vtkCommonDataModel.pdb' was not found with 'vtkCommonDataModel-8.0-gd.lib(vtkFieldData.obj)' or at 'D:\TOSHIBA_DT01ACA300\common\PclCSharp\src\PclSharpWrapper\x64\Debug\vtkCommonDataModel.pdb'; linking object as if no debug info
vtkCommonDataModel-8.0-gd.lib(vtkGenericCell.obj) : warning LNK4099: PDB 'vtkCommonDataModel.pdb' was not found with 'vtkCommonDataModel-8.0-gd.lib(vtkGenericCell.obj)' or at 'D:\TOSHIBA_DT01ACA300\common\PclCSharp\src\PclSharpWrapper\x64\Debug\vtkCommonDataModel.pdb'; linking object as if no debug info
vtkCommonDataModel-8.0-gd.lib(vtkGraph.obj) : warning LNK4099: PDB 'vtkCommonDataModel.pdb' was not found with 'vtkCommonDataModel-8.0-gd.lib(vtkGraph.obj)' or at 'D:\TOSHIBA_DT01ACA300\common\PclCSharp\src\PclSharpWrapper\x64\Debug\vtkCommonDataModel.pdb'; linking object as if no debug info
vtkCommonDataModel-8.0-gd.lib(vtkGraphEdge.obj) : warning LNK4099: PDB 'vtkCommonDataModel.pdb' was not found with 'vtkCommonDataModel-8.0-gd.lib(vtkGraphEdge.obj)' or at 'D:\TOSHIBA_DT01ACA300\common\PclCSharp\src\PclSharpWrapper\x64\Debug\vtkCommonDataModel.pdb'; linking object as if no debug info
vtkCommonDataModel-8.0-gd.lib(vtkGraphInternals.obj) : warning LNK4099: PDB 'vtkCommonDataModel.pdb' was not found with 'vtkCommonDataModel-8.0-gd.lib(vtkGraphInternals.obj)' or at 'D:\TOSHIBA_DT01ACA300\common\PclCSharp\src\PclSharpWrapper\x64\Debug\vtkCommonDataModel.pdb'; linking object as if no debug info
vtkCommonDataModel-8.0-gd.lib(vtkHexagonalPrism.obj) : warning LNK4099: PDB 'vtkCommonDataModel.pdb' was not found with 'vtkCommonDataModel-8.0-gd.lib(vtkHexagonalPrism.obj)' or at 'D:\TOSHIBA_DT01ACA300\common\PclCSharp\src\PclSharpWrapper\x64\Debug\vtkCommonDataModel.pdb'; linking object as if no debug info
vtkCommonDataModel-8.0-gd.lib(vtkHexahedron.obj) : warning LNK4099: PDB 'vtkCommonDataModel.pdb' was not found with 'vtkCommonDataModel-8.0-gd.lib(vtkHexahedron.obj)' or at 'D:\TOSHIBA_DT01ACA300\common\PclCSharp\src\PclSharpWrapper\x64\Debug\vtkCommonDataModel.pdb'; linking object as if no debug info
vtkCommonDataModel-8.0-gd.lib(vtkHierarchicalBoxDataIterator.obj) : warning LNK4099: PDB 'vtkCommonDataModel.pdb' was not found with 'vtkCommonDataModel-8.0-gd.lib(vtkHierarchicalBoxDataIterator.obj)' or at 'D:\TOSHIBA_DT01ACA300\common\PclCSharp\src\PclSharpWrapper\x64\Debug\vtkCommonDataModel.pdb'; linking object as if no debug info
vtkCommonDataModel-8.0-gd.lib(vtkHierarchicalBoxDataSet.obj) : warning LNK4099: PDB 'vtkCommonDataModel.pdb' was not found with 'vtkCommonDataModel-8.0-gd.lib(vtkHierarchicalBoxDataSet.obj)' or at 'D:\TOSHIBA_DT01ACA300\common\PclCSharp\src\PclSharpWrapper\x64\Debug\vtkCommonDataModel.pdb'; linking object as if no debug info
vtkCommonDataModel-8.0-gd.lib(vtkHyperOctreeCursor.obj) : warning LNK4099: PDB 'vtkCommonDataModel.pdb' was not found with 'vtkCommonDataModel-8.0-gd.lib(vtkHyperOctreeCursor.obj)' or at 'D:\TOSHIBA_DT01ACA300\common\PclCSharp\src\PclSharpWrapper\x64\Debug\vtkCommonDataModel.pdb'; linking object as if no debug info
vtkCommonDataModel-8.0-gd.lib(vtkHyperOctree.obj) : warning LNK4099: PDB 'vtkCommonDataModel.pdb' was not found with 'vtkCommonDataModel-8.0-gd.lib(vtkHyperOctree.obj)' or at 'D:\TOSHIBA_DT01ACA300\common\PclCSharp\src\PclSharpWrapper\x64\Debug\vtkCommonDataModel.pdb'; linking object as if no debug info
vtkCommonDataModel-8.0-gd.lib(vtkHyperTree.obj) : warning LNK4099: PDB 'vtkCommonDataModel.pdb' was not found with 'vtkCommonDataModel-8.0-gd.lib(vtkHyperTree.obj)' or at 'D:\TOSHIBA_DT01ACA300\common\PclCSharp\src\PclSharpWrapper\x64\Debug\vtkCommonDataModel.pdb'; linking object as if no debug info
vtkCommonDataModel-8.0-gd.lib(vtkHyperTreeCursor.obj) : warning LNK4099: PDB 'vtkCommonDataModel.pdb' was not found with 'vtkCommonDataModel-8.0-gd.lib(vtkHyperTreeCursor.obj)' or at 'D:\TOSHIBA_DT01ACA300\common\PclCSharp\src\PclSharpWrapper\x64\Debug\vtkCommonDataModel.pdb'; linking object as if no debug info
vtkCommonDataModel-8.0-gd.lib(vtkHyperTreeGrid.obj) : warning LNK4099: PDB 'vtkCommonDataModel.pdb' was not found with 'vtkCommonDataModel-8.0-gd.lib(vtkHyperTreeGrid.obj)' or at 'D:\TOSHIBA_DT01ACA300\common\PclCSharp\src\PclSharpWrapper\x64\Debug\vtkCommonDataModel.pdb'; linking object as if no debug info
vtkCommonDataModel-8.0-gd.lib(vtkImageData.obj) : warning LNK4099: PDB 'vtkCommonDataModel.pdb' was not found with 'vtkCommonDataModel-8.0-gd.lib(vtkImageData.obj)' or at 'D:\TOSHIBA_DT01ACA300\common\PclCSharp\src\PclSharpWrapper\x64\Debug\vtkCommonDataModel.pdb'; linking object as if no debug info
vtkCommonDataModel-8.0-gd.lib(vtkImplicitFunction.obj) : warning LNK4099: PDB 'vtkCommonDataModel.pdb' was not found with 'vtkCommonDataModel-8.0-gd.lib(vtkImplicitFunction.obj)' or at 'D:\TOSHIBA_DT01ACA300\common\PclCSharp\src\PclSharpWrapper\x64\Debug\vtkCommonDataModel.pdb'; linking object as if no debug info
vtkCommonDataModel-8.0-gd.lib(vtkIncrementalPointLocator.obj) : warning LNK4099: PDB '' was not found with 'vtkCommonDataModel-8.0-gd.lib(vtkIncrementalPointLocator.obj)' or at ''; linking object as if no debug info
vtkCommonDataModel-8.0-gd.lib(vtkInEdgeIterator.obj) : warning LNK4099: PDB 'vtkCommonDataModel.pdb' was not found with 'vtkCommonDataModel-8.0-gd.lib(vtkInEdgeIterator.obj)' or at 'D:\TOSHIBA_DT01ACA300\common\PclCSharp\src\PclSharpWrapper\x64\Debug\vtkCommonDataModel.pdb'; linking object as if no debug info
vtkCommonDataModel-8.0-gd.lib(vtkLine.obj) : warning LNK4099: PDB 'vtkCommonDataModel.pdb' was not found with 'vtkCommonDataModel-8.0-gd.lib(vtkLine.obj)' or at 'D:\TOSHIBA_DT01ACA300\common\PclCSharp\src\PclSharpWrapper\x64\Debug\vtkCommonDataModel.pdb'; linking object as if no debug info
vtkCommonDataModel-8.0-gd.lib(vtkLocator.obj) : warning LNK4099: PDB 'vtkCommonDataModel.pdb' was not found with 'vtkCommonDataModel-8.0-gd.lib(vtkLocator.obj)' or at 'D:\TOSHIBA_DT01ACA300\common\PclCSharp\src\PclSharpWrapper\x64\Debug\vtkCommonDataModel.pdb'; linking object as if no debug info
vtkCommonDataModel-8.0-gd.lib(vtkMarchingSquaresLineCases.obj) : warning LNK4099: PDB 'vtkCommonDataModel.pdb' was not found with 'vtkCommonDataModel-8.0-gd.lib(vtkMarchingSquaresLineCases.obj)' or at 'D:\TOSHIBA_DT01ACA300\common\PclCSharp\src\PclSharpWrapper\x64\Debug\vtkCommonDataModel.pdb'; linking object as if no debug info
vtkCommonDataModel-8.0-gd.lib(vtkMarchingCubesTriangleCases.obj) : warning LNK4099: PDB '' was not found with 'vtkCommonDataModel-8.0-gd.lib(vtkMarchingCubesTriangleCases.obj)' or at ''; linking object as if no debug info
vtkCommonDataModel-8.0-gd.lib(vtkMeanValueCoordinatesInterpolator.obj) : warning LNK4099: PDB 'vtkCommonDataModel.pdb' was not found with 'vtkCommonDataModel-8.0-gd.lib(vtkMeanValueCoordinatesInterpolator.obj)' or at 'D:\TOSHIBA_DT01ACA300\common\PclCSharp\src\PclSharpWrapper\x64\Debug\vtkCommonDataModel.pdb'; linking object as if no debug info
vtkCommonDataModel-8.0-gd.lib(vtkMergePoints.obj) : warning LNK4099: PDB 'vtkCommonDataModel.pdb' was not found with 'vtkCommonDataModel-8.0-gd.lib(vtkMergePoints.obj)' or at 'D:\TOSHIBA_DT01ACA300\common\PclCSharp\src\PclSharpWrapper\x64\Debug\vtkCommonDataModel.pdb'; linking object as if no debug info
vtkCommonDataModel-8.0-gd.lib(vtkMultiBlockDataSet.obj) : warning LNK4099: PDB 'vtkCommonDataModel.pdb' was not found with 'vtkCommonDataModel-8.0-gd.lib(vtkMultiBlockDataSet.obj)' or at 'D:\TOSHIBA_DT01ACA300\common\PclCSharp\src\PclSharpWrapper\x64\Debug\vtkCommonDataModel.pdb'; linking object as if no debug info
vtkCommonDataModel-8.0-gd.lib(vtkMultiPieceDataSet.obj) : warning LNK4099: PDB 'vtkCommonDataModel.pdb' was not found with 'vtkCommonDataModel-8.0-gd.lib(vtkMultiPieceDataSet.obj)' or at 'D:\TOSHIBA_DT01ACA300\common\PclCSharp\src\PclSharpWrapper\x64\Debug\vtkCommonDataModel.pdb'; linking object as if no debug info
vtkCommonDataModel-8.0-gd.lib(vtkMutableDirectedGraph.obj) : warning LNK4099: PDB 'vtkCommonDataModel.pdb' was not found with 'vtkCommonDataModel-8.0-gd.lib(vtkMutableDirectedGraph.obj)' or at 'D:\TOSHIBA_DT01ACA300\common\PclCSharp\src\PclSharpWrapper\x64\Debug\vtkCommonDataModel.pdb'; linking object as if no debug info
vtkCommonDataModel-8.0-gd.lib(vtkMutableUndirectedGraph.obj) : warning LNK4099: PDB 'vtkCommonDataModel.pdb' was not found with 'vtkCommonDataModel-8.0-gd.lib(vtkMutableUndirectedGraph.obj)' or at 'D:\TOSHIBA_DT01ACA300\common\PclCSharp\src\PclSharpWrapper\x64\Debug\vtkCommonDataModel.pdb'; linking object as if no debug info
vtkCommonDataModel-8.0-gd.lib(vtkNonLinearCell.obj) : warning LNK4099: PDB 'vtkCommonDataModel.pdb' was not found with 'vtkCommonDataModel-8.0-gd.lib(vtkNonLinearCell.obj)' or at 'D:\TOSHIBA_DT01ACA300\common\PclCSharp\src\PclSharpWrapper\x64\Debug\vtkCommonDataModel.pdb'; linking object as if no debug info
vtkCommonDataModel-8.0-gd.lib(vtkOrderedTriangulator.obj) : warning LNK4099: PDB 'vtkCommonDataModel.pdb' was not found with 'vtkCommonDataModel-8.0-gd.lib(vtkOrderedTriangulator.obj)' or at 'D:\TOSHIBA_DT01ACA300\common\PclCSharp\src\PclSharpWrapper\x64\Debug\vtkCommonDataModel.pdb'; linking object as if no debug info
vtkCommonDataModel-8.0-gd.lib(vtkOutEdgeIterator.obj) : warning LNK4099: PDB 'vtkCommonDataModel.pdb' was not found with 'vtkCommonDataModel-8.0-gd.lib(vtkOutEdgeIterator.obj)' or at 'D:\TOSHIBA_DT01ACA300\common\PclCSharp\src\PclSharpWrapper\x64\Debug\vtkCommonDataModel.pdb'; linking object as if no debug info
vtkCommonDataModel-8.0-gd.lib(vtkPath.obj) : warning LNK4099: PDB 'vtkCommonDataModel.pdb' was not found with 'vtkCommonDataModel-8.0-gd.lib(vtkPath.obj)' or at 'D:\TOSHIBA_DT01ACA300\common\PclCSharp\src\PclSharpWrapper\x64\Debug\vtkCommonDataModel.pdb'; linking object as if no debug info
vtkCommonDataModel-8.0-gd.lib(vtkPentagonalPrism.obj) : warning LNK4099: PDB 'vtkCommonDataModel.pdb' was not found with 'vtkCommonDataModel-8.0-gd.lib(vtkPentagonalPrism.obj)' or at 'D:\TOSHIBA_DT01ACA300\common\PclCSharp\src\PclSharpWrapper\x64\Debug\vtkCommonDataModel.pdb'; linking object as if no debug info
vtkCommonDataModel-8.0-gd.lib(vtkPixel.obj) : warning LNK4099: PDB 'vtkCommonDataModel.pdb' was not found with 'vtkCommonDataModel-8.0-gd.lib(vtkPixel.obj)' or at 'D:\TOSHIBA_DT01ACA300\common\PclCSharp\src\PclSharpWrapper\x64\Debug\vtkCommonDataModel.pdb'; linking object as if no debug info
vtkCommonDataModel-8.0-gd.lib(vtkPlane.obj) : warning LNK4099: PDB 'vtkCommonDataModel.pdb' was not found with 'vtkCommonDataModel-8.0-gd.lib(vtkPlane.obj)' or at 'D:\TOSHIBA_DT01ACA300\common\PclCSharp\src\PclSharpWrapper\x64\Debug\vtkCommonDataModel.pdb'; linking object as if no debug info
vtkCommonDataModel-8.0-gd.lib(vtkPointData.obj) : warning LNK4099: PDB '' was not found with 'vtkCommonDataModel-8.0-gd.lib(vtkPointData.obj)' or at ''; linking object as if no debug info
vtkCommonDataModel-8.0-gd.lib(vtkPointLocator.obj) : warning LNK4099: PDB 'vtkCommonDataModel.pdb' was not found with 'vtkCommonDataModel-8.0-gd.lib(vtkPointLocator.obj)' or at 'D:\TOSHIBA_DT01ACA300\common\PclCSharp\src\PclSharpWrapper\x64\Debug\vtkCommonDataModel.pdb'; linking object as if no debug info
vtkCommonDataModel-8.0-gd.lib(vtkPointSet.obj) : warning LNK4099: PDB 'vtkCommonDataModel.pdb' was not found with 'vtkCommonDataModel-8.0-gd.lib(vtkPointSet.obj)' or at 'D:\TOSHIBA_DT01ACA300\common\PclCSharp\src\PclSharpWrapper\x64\Debug\vtkCommonDataModel.pdb'; linking object as if no debug info
vtkCommonDataModel-8.0-gd.lib(vtkPointSetCellIterator.obj) : warning LNK4099: PDB '' was not found with 'vtkCommonDataModel-8.0-gd.lib(vtkPointSetCellIterator.obj)' or at ''; linking object as if no debug info
vtkCommonDataModel-8.0-gd.lib(vtkPolyData.obj) : warning LNK4099: PDB 'vtkCommonDataModel.pdb' was not found with 'vtkCommonDataModel-8.0-gd.lib(vtkPolyData.obj)' or at 'D:\TOSHIBA_DT01ACA300\common\PclCSharp\src\PclSharpWrapper\x64\Debug\vtkCommonDataModel.pdb'; linking object as if no debug info
vtkCommonDataModel-8.0-gd.lib(vtkPolygon.obj) : warning LNK4099: PDB 'vtkCommonDataModel.pdb' was not found with 'vtkCommonDataModel-8.0-gd.lib(vtkPolygon.obj)' or at 'D:\TOSHIBA_DT01ACA300\common\PclCSharp\src\PclSharpWrapper\x64\Debug\vtkCommonDataModel.pdb'; linking object as if no debug info
vtkCommonDataModel-8.0-gd.lib(vtkPolyhedron.obj) : warning LNK4099: PDB 'vtkCommonDataModel.pdb' was not found with 'vtkCommonDataModel-8.0-gd.lib(vtkPolyhedron.obj)' or at 'D:\TOSHIBA_DT01ACA300\common\PclCSharp\src\PclSharpWrapper\x64\Debug\vtkCommonDataModel.pdb'; linking object as if no debug info
vtkCommonDataModel-8.0-gd.lib(vtkPolyLine.obj) : warning LNK4099: PDB 'vtkCommonDataModel.pdb' was not found with 'vtkCommonDataModel-8.0-gd.lib(vtkPolyLine.obj)' or at 'D:\TOSHIBA_DT01ACA300\common\PclCSharp\src\PclSharpWrapper\x64\Debug\vtkCommonDataModel.pdb'; linking object as if no debug info
vtkCommonDataModel-8.0-gd.lib(vtkPolyVertex.obj) : warning LNK4099: PDB 'vtkCommonDataModel.pdb' was not found with 'vtkCommonDataModel-8.0-gd.lib(vtkPolyVertex.obj)' or at 'D:\TOSHIBA_DT01ACA300\common\PclCSharp\src\PclSharpWrapper\x64\Debug\vtkCommonDataModel.pdb'; linking object as if no debug info
vtkCommonDataModel-8.0-gd.lib(vtkPyramid.obj) : warning LNK4099: PDB 'vtkCommonDataModel.pdb' was not found with 'vtkCommonDataModel-8.0-gd.lib(vtkPyramid.obj)' or at 'D:\TOSHIBA_DT01ACA300\common\PclCSharp\src\PclSharpWrapper\x64\Debug\vtkCommonDataModel.pdb'; linking object as if no debug info
vtkCommonDataModel-8.0-gd.lib(vtkQuad.obj) : warning LNK4099: PDB 'vtkCommonDataModel.pdb' was not found with 'vtkCommonDataModel-8.0-gd.lib(vtkQuad.obj)' or at 'D:\TOSHIBA_DT01ACA300\common\PclCSharp\src\PclSharpWrapper\x64\Debug\vtkCommonDataModel.pdb'; linking object as if no debug info
vtkCommonDataModel-8.0-gd.lib(vtkQuadraticEdge.obj) : warning LNK4099: PDB 'vtkCommonDataModel.pdb' was not found with 'vtkCommonDataModel-8.0-gd.lib(vtkQuadraticEdge.obj)' or at 'D:\TOSHIBA_DT01ACA300\common\PclCSharp\src\PclSharpWrapper\x64\Debug\vtkCommonDataModel.pdb'; linking object as if no debug info
vtkCommonDataModel-8.0-gd.lib(vtkQuadraticHexahedron.obj) : warning LNK4099: PDB 'vtkCommonDataModel.pdb' was not found with 'vtkCommonDataModel-8.0-gd.lib(vtkQuadraticHexahedron.obj)' or at 'D:\TOSHIBA_DT01ACA300\common\PclCSharp\src\PclSharpWrapper\x64\Debug\vtkCommonDataModel.pdb'; linking object as if no debug info
vtkCommonDataModel-8.0-gd.lib(vtkQuadraticLinearQuad.obj) : warning LNK4099: PDB 'vtkCommonDataModel.pdb' was not found with 'vtkCommonDataModel-8.0-gd.lib(vtkQuadraticLinearQuad.obj)' or at 'D:\TOSHIBA_DT01ACA300\common\PclCSharp\src\PclSharpWrapper\x64\Debug\vtkCommonDataModel.pdb'; linking object as if no debug info
vtkCommonDataModel-8.0-gd.lib(vtkQuadraticLinearWedge.obj) : warning LNK4099: PDB 'vtkCommonDataModel.pdb' was not found with 'vtkCommonDataModel-8.0-gd.lib(vtkQuadraticLinearWedge.obj)' or at 'D:\TOSHIBA_DT01ACA300\common\PclCSharp\src\PclSharpWrapper\x64\Debug\vtkCommonDataModel.pdb'; linking object as if no debug info
vtkCommonDataModel-8.0-gd.lib(vtkQuadraticPolygon.obj) : warning LNK4099: PDB 'vtkCommonDataModel.pdb' was not found with 'vtkCommonDataModel-8.0-gd.lib(vtkQuadraticPolygon.obj)' or at 'D:\TOSHIBA_DT01ACA300\common\PclCSharp\src\PclSharpWrapper\x64\Debug\vtkCommonDataModel.pdb'; linking object as if no debug info
vtkCommonDataModel-8.0-gd.lib(vtkQuadraticPyramid.obj) : warning LNK4099: PDB 'vtkCommonDataModel.pdb' was not found with 'vtkCommonDataModel-8.0-gd.lib(vtkQuadraticPyramid.obj)' or at 'D:\TOSHIBA_DT01ACA300\common\PclCSharp\src\PclSharpWrapper\x64\Debug\vtkCommonDataModel.pdb'; linking object as if no debug info
vtkCommonDataModel-8.0-gd.lib(vtkQuadraticQuad.obj) : warning LNK4099: PDB 'vtkCommonDataModel.pdb' was not found with 'vtkCommonDataModel-8.0-gd.lib(vtkQuadraticQuad.obj)' or at 'D:\TOSHIBA_DT01ACA300\common\PclCSharp\src\PclSharpWrapper\x64\Debug\vtkCommonDataModel.pdb'; linking object as if no debug info
vtkCommonDataModel-8.0-gd.lib(vtkQuadraticTetra.obj) : warning LNK4099: PDB 'vtkCommonDataModel.pdb' was not found with 'vtkCommonDataModel-8.0-gd.lib(vtkQuadraticTetra.obj)' or at 'D:\TOSHIBA_DT01ACA300\common\PclCSharp\src\PclSharpWrapper\x64\Debug\vtkCommonDataModel.pdb'; linking object as if no debug info
vtkCommonDataModel-8.0-gd.lib(vtkQuadraticTriangle.obj) : warning LNK4099: PDB 'vtkCommonDataModel.pdb' was not found with 'vtkCommonDataModel-8.0-gd.lib(vtkQuadraticTriangle.obj)' or at 'D:\TOSHIBA_DT01ACA300\common\PclCSharp\src\PclSharpWrapper\x64\Debug\vtkCommonDataModel.pdb'; linking object as if no debug info
vtkCommonDataModel-8.0-gd.lib(vtkQuadraticWedge.obj) : warning LNK4099: PDB 'vtkCommonDataModel.pdb' was not found with 'vtkCommonDataModel-8.0-gd.lib(vtkQuadraticWedge.obj)' or at 'D:\TOSHIBA_DT01ACA300\common\PclCSharp\src\PclSharpWrapper\x64\Debug\vtkCommonDataModel.pdb'; linking object as if no debug info
vtkCommonDataModel-8.0-gd.lib(vtkQuadric.obj) : warning LNK4099: PDB 'vtkCommonDataModel.pdb' was not found with 'vtkCommonDataModel-8.0-gd.lib(vtkQuadric.obj)' or at 'D:\TOSHIBA_DT01ACA300\common\PclCSharp\src\PclSharpWrapper\x64\Debug\vtkCommonDataModel.pdb'; linking object as if no debug info
vtkCommonDataModel-8.0-gd.lib(vtkRectilinearGrid.obj) : warning LNK4099: PDB 'vtkCommonDataModel.pdb' was not found with 'vtkCommonDataModel-8.0-gd.lib(vtkRectilinearGrid.obj)' or at 'D:\TOSHIBA_DT01ACA300\common\PclCSharp\src\PclSharpWrapper\x64\Debug\vtkCommonDataModel.pdb'; linking object as if no debug info
vtkCommonDataModel-8.0-gd.lib(vtkReebGraph.obj) : warning LNK4099: PDB 'vtkCommonDataModel.pdb' was not found with 'vtkCommonDataModel-8.0-gd.lib(vtkReebGraph.obj)' or at 'D:\TOSHIBA_DT01ACA300\common\PclCSharp\src\PclSharpWrapper\x64\Debug\vtkCommonDataModel.pdb'; linking object as if no debug info
vtkCommonDataModel-8.0-gd.lib(vtkSelection.obj) : warning LNK4099: PDB 'vtkCommonDataModel.pdb' was not found with 'vtkCommonDataModel-8.0-gd.lib(vtkSelection.obj)' or at 'D:\TOSHIBA_DT01ACA300\common\PclCSharp\src\PclSharpWrapper\x64\Debug\vtkCommonDataModel.pdb'; linking object as if no debug info
vtkCommonDataModel-8.0-gd.lib(vtkSelectionNode.obj) : warning LNK4099: PDB 'vtkCommonDataModel.pdb' was not found with 'vtkCommonDataModel-8.0-gd.lib(vtkSelectionNode.obj)' or at 'D:\TOSHIBA_DT01ACA300\common\PclCSharp\src\PclSharpWrapper\x64\Debug\vtkCommonDataModel.pdb'; linking object as if no debug info
vtkCommonDataModel-8.0-gd.lib(vtkStructuredData.obj) : warning LNK4099: PDB 'vtkCommonDataModel.pdb' was not found with 'vtkCommonDataModel-8.0-gd.lib(vtkStructuredData.obj)' or at 'D:\TOSHIBA_DT01ACA300\common\PclCSharp\src\PclSharpWrapper\x64\Debug\vtkCommonDataModel.pdb'; linking object as if no debug info
vtkCommonDataModel-8.0-gd.lib(vtkStructuredGrid.obj) : warning LNK4099: PDB 'vtkCommonDataModel.pdb' was not found with 'vtkCommonDataModel-8.0-gd.lib(vtkStructuredGrid.obj)' or at 'D:\TOSHIBA_DT01ACA300\common\PclCSharp\src\PclSharpWrapper\x64\Debug\vtkCommonDataModel.pdb'; linking object as if no debug info
vtkCommonDataModel-8.0-gd.lib(vtkStructuredPoints.obj) : warning LNK4099: PDB 'vtkCommonDataModel.pdb' was not found with 'vtkCommonDataModel-8.0-gd.lib(vtkStructuredPoints.obj)' or at 'D:\TOSHIBA_DT01ACA300\common\PclCSharp\src\PclSharpWrapper\x64\Debug\vtkCommonDataModel.pdb'; linking object as if no debug info
vtkCommonDataModel-8.0-gd.lib(vtkTable.obj) : warning LNK4099: PDB 'vtkCommonDataModel.pdb' was not found with 'vtkCommonDataModel-8.0-gd.lib(vtkTable.obj)' or at 'D:\TOSHIBA_DT01ACA300\common\PclCSharp\src\PclSharpWrapper\x64\Debug\vtkCommonDataModel.pdb'; linking object as if no debug info
vtkCommonDataModel-8.0-gd.lib(vtkTetra.obj) : warning LNK4099: PDB 'vtkCommonDataModel.pdb' was not found with 'vtkCommonDataModel-8.0-gd.lib(vtkTetra.obj)' or at 'D:\TOSHIBA_DT01ACA300\common\PclCSharp\src\PclSharpWrapper\x64\Debug\vtkCommonDataModel.pdb'; linking object as if no debug info
vtkCommonDataModel-8.0-gd.lib(vtkTree.obj) : warning LNK4099: PDB 'vtkCommonDataModel.pdb' was not found with 'vtkCommonDataModel-8.0-gd.lib(vtkTree.obj)' or at 'D:\TOSHIBA_DT01ACA300\common\PclCSharp\src\PclSharpWrapper\x64\Debug\vtkCommonDataModel.pdb'; linking object as if no debug info
vtkCommonDataModel-8.0-gd.lib(vtkTriangle.obj) : warning LNK4099: PDB 'vtkCommonDataModel.pdb' was not found with 'vtkCommonDataModel-8.0-gd.lib(vtkTriangle.obj)' or at 'D:\TOSHIBA_DT01ACA300\common\PclCSharp\src\PclSharpWrapper\x64\Debug\vtkCommonDataModel.pdb'; linking object as if no debug info
vtkCommonDataModel-8.0-gd.lib(vtkTriangleStrip.obj) : warning LNK4099: PDB 'vtkCommonDataModel.pdb' was not found with 'vtkCommonDataModel-8.0-gd.lib(vtkTriangleStrip.obj)' or at 'D:\TOSHIBA_DT01ACA300\common\PclCSharp\src\PclSharpWrapper\x64\Debug\vtkCommonDataModel.pdb'; linking object as if no debug info
vtkCommonDataModel-8.0-gd.lib(vtkTriQuadraticHexahedron.obj) : warning LNK4099: PDB 'vtkCommonDataModel.pdb' was not found with 'vtkCommonDataModel-8.0-gd.lib(vtkTriQuadraticHexahedron.obj)' or at 'D:\TOSHIBA_DT01ACA300\common\PclCSharp\src\PclSharpWrapper\x64\Debug\vtkCommonDataModel.pdb'; linking object as if no debug info
vtkCommonDataModel-8.0-gd.lib(vtkUndirectedGraph.obj) : warning LNK4099: PDB 'vtkCommonDataModel.pdb' was not found with 'vtkCommonDataModel-8.0-gd.lib(vtkUndirectedGraph.obj)' or at 'D:\TOSHIBA_DT01ACA300\common\PclCSharp\src\PclSharpWrapper\x64\Debug\vtkCommonDataModel.pdb'; linking object as if no debug info
vtkCommonDataModel-8.0-gd.lib(vtkUniformGrid.obj) : warning LNK4099: PDB 'vtkCommonDataModel.pdb' was not found with 'vtkCommonDataModel-8.0-gd.lib(vtkUniformGrid.obj)' or at 'D:\TOSHIBA_DT01ACA300\common\PclCSharp\src\PclSharpWrapper\x64\Debug\vtkCommonDataModel.pdb'; linking object as if no debug info
vtkCommonDataModel-8.0-gd.lib(vtkUnstructuredGrid.obj) : warning LNK4099: PDB 'vtkCommonDataModel.pdb' was not found with 'vtkCommonDataModel-8.0-gd.lib(vtkUnstructuredGrid.obj)' or at 'D:\TOSHIBA_DT01ACA300\common\PclCSharp\src\PclSharpWrapper\x64\Debug\vtkCommonDataModel.pdb'; linking object as if no debug info
vtkCommonDataModel-8.0-gd.lib(vtkUnstructuredGridBase.obj) : warning LNK4099: PDB 'vtkCommonDataModel.pdb' was not found with 'vtkCommonDataModel-8.0-gd.lib(vtkUnstructuredGridBase.obj)' or at 'D:\TOSHIBA_DT01ACA300\common\PclCSharp\src\PclSharpWrapper\x64\Debug\vtkCommonDataModel.pdb'; linking object as if no debug info
vtkCommonDataModel-8.0-gd.lib(vtkUnstructuredGridCellIterator.obj) : warning LNK4099: PDB 'vtkCommonDataModel.pdb' was not found with 'vtkCommonDataModel-8.0-gd.lib(vtkUnstructuredGridCellIterator.obj)' or at 'D:\TOSHIBA_DT01ACA300\common\PclCSharp\src\PclSharpWrapper\x64\Debug\vtkCommonDataModel.pdb'; linking object as if no debug info
vtkCommonDataModel-8.0-gd.lib(vtkVertex.obj) : warning LNK4099: PDB 'vtkCommonDataModel.pdb' was not found with 'vtkCommonDataModel-8.0-gd.lib(vtkVertex.obj)' or at 'D:\TOSHIBA_DT01ACA300\common\PclCSharp\src\PclSharpWrapper\x64\Debug\vtkCommonDataModel.pdb'; linking object as if no debug info
vtkCommonDataModel-8.0-gd.lib(vtkVoxel.obj) : warning LNK4099: PDB 'vtkCommonDataModel.pdb' was not found with 'vtkCommonDataModel-8.0-gd.lib(vtkVoxel.obj)' or at 'D:\TOSHIBA_DT01ACA300\common\PclCSharp\src\PclSharpWrapper\x64\Debug\vtkCommonDataModel.pdb'; linking object as if no debug info
vtkCommonDataModel-8.0-gd.lib(vtkWedge.obj) : warning LNK4099: PDB 'vtkCommonDataModel.pdb' was not found with 'vtkCommonDataModel-8.0-gd.lib(vtkWedge.obj)' or at 'D:\TOSHIBA_DT01ACA300\common\PclCSharp\src\PclSharpWrapper\x64\Debug\vtkCommonDataModel.pdb'; linking object as if no debug info
vtkCommonDataModel-8.0-gd.lib(vtkBoundingBox.obj) : warning LNK4099: PDB 'vtkCommonDataModel.pdb' was not found with 'vtkCommonDataModel-8.0-gd.lib(vtkBoundingBox.obj)' or at 'D:\TOSHIBA_DT01ACA300\common\PclCSharp\src\PclSharpWrapper\x64\Debug\vtkCommonDataModel.pdb'; linking object as if no debug info
vtkCommonDataModel-8.0-gd.lib(vtkAtom.obj) : warning LNK4099: PDB 'vtkCommonDataModel.pdb' was not found with 'vtkCommonDataModel-8.0-gd.lib(vtkAtom.obj)' or at 'D:\TOSHIBA_DT01ACA300\common\PclCSharp\src\PclSharpWrapper\x64\Debug\vtkCommonDataModel.pdb'; linking object as if no debug info
vtkCommonDataModel-8.0-gd.lib(vtkBond.obj) : warning LNK4099: PDB 'vtkCommonDataModel.pdb' was not found with 'vtkCommonDataModel-8.0-gd.lib(vtkBond.obj)' or at 'D:\TOSHIBA_DT01ACA300\common\PclCSharp\src\PclSharpWrapper\x64\Debug\vtkCommonDataModel.pdb'; linking object as if no debug info
vtkCommonDataModel-8.0-gd.lib(vtkMolecule.obj) : warning LNK4099: PDB 'vtkCommonDataModel.pdb' was not found with 'vtkCommonDataModel-8.0-gd.lib(vtkMolecule.obj)' or at 'D:\TOSHIBA_DT01ACA300\common\PclCSharp\src\PclSharpWrapper\x64\Debug\vtkCommonDataModel.pdb'; linking object as if no debug info
vtkCommonDataModel-8.0-gd.lib(vtkNonOverlappingAMR.obj) : warning LNK4099: PDB 'vtkCommonDataModel.pdb' was not found with 'vtkCommonDataModel-8.0-gd.lib(vtkNonOverlappingAMR.obj)' or at 'D:\TOSHIBA_DT01ACA300\common\PclCSharp\src\PclSharpWrapper\x64\Debug\vtkCommonDataModel.pdb'; linking object as if no debug info
vtkCommonDataModel-8.0-gd.lib(vtkOverlappingAMR.obj) : warning LNK4099: PDB 'vtkCommonDataModel.pdb' was not found with 'vtkCommonDataModel-8.0-gd.lib(vtkOverlappingAMR.obj)' or at 'D:\TOSHIBA_DT01ACA300\common\PclCSharp\src\PclSharpWrapper\x64\Debug\vtkCommonDataModel.pdb'; linking object as if no debug info
vtkCommonDataModel-8.0-gd.lib(vtkAMRInformation.obj) : warning LNK4099: PDB 'vtkCommonDataModel.pdb' was not found with 'vtkCommonDataModel-8.0-gd.lib(vtkAMRInformation.obj)' or at 'D:\TOSHIBA_DT01ACA300\common\PclCSharp\src\PclSharpWrapper\x64\Debug\vtkCommonDataModel.pdb'; linking object as if no debug info
vtkCommonDataModel-8.0-gd.lib(vtkAMRDataInternals.obj) : warning LNK4099: PDB 'vtkCommonDataModel.pdb' was not found with 'vtkCommonDataModel-8.0-gd.lib(vtkAMRDataInternals.obj)' or at 'D:\TOSHIBA_DT01ACA300\common\PclCSharp\src\PclSharpWrapper\x64\Debug\vtkCommonDataModel.pdb'; linking object as if no debug info
vtkCommonDataModel-8.0-gd.lib(vtkUniformGridAMR.obj) : warning LNK4099: PDB 'vtkCommonDataModel.pdb' was not found with 'vtkCommonDataModel-8.0-gd.lib(vtkUniformGridAMR.obj)' or at 'D:\TOSHIBA_DT01ACA300\common\PclCSharp\src\PclSharpWrapper\x64\Debug\vtkCommonDataModel.pdb'; linking object as if no debug info
vtkCommonDataModel-8.0-gd.lib(vtkUniformGridAMRDataIterator.obj) : warning LNK4099: PDB 'vtkCommonDataModel.pdb' was not found with 'vtkCommonDataModel-8.0-gd.lib(vtkUniformGridAMRDataIterator.obj)' or at 'D:\TOSHIBA_DT01ACA300\common\PclCSharp\src\PclSharpWrapper\x64\Debug\vtkCommonDataModel.pdb'; linking object as if no debug info
vtkCommonExecutionModel-8.0-gd.lib(vtkAlgorithm.obj) : warning LNK4099: PDB 'vtkCommonExecutionModel.pdb' was not found with 'vtkCommonExecutionModel-8.0-gd.lib(vtkAlgorithm.obj)' or at 'D:\TOSHIBA_DT01ACA300\common\PclCSharp\src\PclSharpWrapper\x64\Debug\vtkCommonExecutionModel.pdb'; linking object as if no debug info
vtkCommonExecutionModel-8.0-gd.lib(vtkAlgorithmOutput.obj) : warning LNK4099: PDB '' was not found with 'vtkCommonExecutionModel-8.0-gd.lib(vtkAlgorithmOutput.obj)' or at ''; linking object as if no debug info
vtkCommonExecutionModel-8.0-gd.lib(vtkCompositeDataPipeline.obj) : warning LNK4099: PDB 'vtkCommonExecutionModel.pdb' was not found with 'vtkCommonExecutionModel-8.0-gd.lib(vtkCompositeDataPipeline.obj)' or at 'D:\TOSHIBA_DT01ACA300\common\PclCSharp\src\PclSharpWrapper\x64\Debug\vtkCommonExecutionModel.pdb'; linking object as if no debug info
vtkCommonExecutionModel-8.0-gd.lib(vtkDemandDrivenPipeline.obj) : warning LNK4099: PDB 'vtkCommonExecutionModel.pdb' was not found with 'vtkCommonExecutionModel-8.0-gd.lib(vtkDemandDrivenPipeline.obj)' or at 'D:\TOSHIBA_DT01ACA300\common\PclCSharp\src\PclSharpWrapper\x64\Debug\vtkCommonExecutionModel.pdb'; linking object as if no debug info
vtkCommonExecutionModel-8.0-gd.lib(vtkExecutive.obj) : warning LNK4099: PDB 'vtkCommonExecutionModel.pdb' was not found with 'vtkCommonExecutionModel-8.0-gd.lib(vtkExecutive.obj)' or at 'D:\TOSHIBA_DT01ACA300\common\PclCSharp\src\PclSharpWrapper\x64\Debug\vtkCommonExecutionModel.pdb'; linking object as if no debug info
vtkCommonExecutionModel-8.0-gd.lib(vtkExtentTranslator.obj) : warning LNK4099: PDB '' was not found with 'vtkCommonExecutionModel-8.0-gd.lib(vtkExtentTranslator.obj)' or at ''; linking object as if no debug info
vtkCommonExecutionModel-8.0-gd.lib(vtkFilteringInformationKeyManager.obj) : warning LNK4099: PDB 'vtkCommonExecutionModel.pdb' was not found with 'vtkCommonExecutionModel-8.0-gd.lib(vtkFilteringInformationKeyManager.obj)' or at 'D:\TOSHIBA_DT01ACA300\common\PclCSharp\src\PclSharpWrapper\x64\Debug\vtkCommonExecutionModel.pdb'; linking object as if no debug info
vtkCommonExecutionModel-8.0-gd.lib(vtkInformationExecutivePortKey.obj) : warning LNK4099: PDB '' was not found with 'vtkCommonExecutionModel-8.0-gd.lib(vtkInformationExecutivePortKey.obj)' or at ''; linking object as if no debug info
vtkCommonExecutionModel-8.0-gd.lib(vtkInformationExecutivePortVectorKey.obj) : warning LNK4099: PDB 'vtkCommonExecutionModel.pdb' was not found with 'vtkCommonExecutionModel-8.0-gd.lib(vtkInformationExecutivePortVectorKey.obj)' or at 'D:\TOSHIBA_DT01ACA300\common\PclCSharp\src\PclSharpWrapper\x64\Debug\vtkCommonExecutionModel.pdb'; linking object as if no debug info
vtkCommonExecutionModel-8.0-gd.lib(vtkInformationIntegerRequestKey.obj) : warning LNK4099: PDB 'vtkCommonExecutionModel.pdb' was not found with 'vtkCommonExecutionModel-8.0-gd.lib(vtkInformationIntegerRequestKey.obj)' or at 'D:\TOSHIBA_DT01ACA300\common\PclCSharp\src\PclSharpWrapper\x64\Debug\vtkCommonExecutionModel.pdb'; linking object as if no debug info
vtkCommonExecutionModel-8.0-gd.lib(vtkPolyDataAlgorithm.obj) : warning LNK4099: PDB 'vtkCommonExecutionModel.pdb' was not found with 'vtkCommonExecutionModel-8.0-gd.lib(vtkPolyDataAlgorithm.obj)' or at 'D:\TOSHIBA_DT01ACA300\common\PclCSharp\src\PclSharpWrapper\x64\Debug\vtkCommonExecutionModel.pdb'; linking object as if no debug info
vtkCommonExecutionModel-8.0-gd.lib(vtkStreamingDemandDrivenPipeline.obj) : warning LNK4099: PDB 'vtkCommonExecutionModel.pdb' was not found with 'vtkCommonExecutionModel-8.0-gd.lib(vtkStreamingDemandDrivenPipeline.obj)' or at 'D:\TOSHIBA_DT01ACA300\common\PclCSharp\src\PclSharpWrapper\x64\Debug\vtkCommonExecutionModel.pdb'; linking object as if no debug info
vtkCommonExecutionModel-8.0-gd.lib(vtkTrivialProducer.obj) : warning LNK4099: PDB 'vtkCommonExecutionModel.pdb' was not found with 'vtkCommonExecutionModel-8.0-gd.lib(vtkTrivialProducer.obj)' or at 'D:\TOSHIBA_DT01ACA300\common\PclCSharp\src\PclSharpWrapper\x64\Debug\vtkCommonExecutionModel.pdb'; linking object as if no debug info
vtkCommonMath-8.0-gd.lib(vtkMatrix3x3.obj) : warning LNK4099: PDB 'vtkCommonMath.pdb' was not found with 'vtkCommonMath-8.0-gd.lib(vtkMatrix3x3.obj)' or at 'D:\TOSHIBA_DT01ACA300\common\PclCSharp\src\PclSharpWrapper\x64\Debug\vtkCommonMath.pdb'; linking object as if no debug info
vtkCommonMath-8.0-gd.lib(vtkMatrix4x4.obj) : warning LNK4099: PDB 'vtkCommonMath.pdb' was not found with 'vtkCommonMath-8.0-gd.lib(vtkMatrix4x4.obj)' or at 'D:\TOSHIBA_DT01ACA300\common\PclCSharp\src\PclSharpWrapper\x64\Debug\vtkCommonMath.pdb'; linking object as if no debug info
vtkCommonMisc-8.0-gd.lib(vtkErrorCode.obj) : warning LNK4099: PDB 'vtkCommonMisc.pdb' was not found with 'vtkCommonMisc-8.0-gd.lib(vtkErrorCode.obj)' or at 'D:\TOSHIBA_DT01ACA300\common\PclCSharp\src\PclSharpWrapper\x64\Debug\vtkCommonMisc.pdb'; linking object as if no debug info
vtkCommonMisc-8.0-gd.lib(vtkHeap.obj) : warning LNK4099: PDB 'vtkCommonMisc.pdb' was not found with 'vtkCommonMisc-8.0-gd.lib(vtkHeap.obj)' or at 'D:\TOSHIBA_DT01ACA300\common\PclCSharp\src\PclSharpWrapper\x64\Debug\vtkCommonMisc.pdb'; linking object as if no debug info
vtkCommonSystem-8.0-gd.lib(vtkTimerLog.obj) : warning LNK4099: PDB 'vtkCommonSystem.pdb' was not found with 'vtkCommonSystem-8.0-gd.lib(vtkTimerLog.obj)' or at 'D:\TOSHIBA_DT01ACA300\common\PclCSharp\src\PclSharpWrapper\x64\Debug\vtkCommonSystem.pdb'; linking object as if no debug info
vtkCommonTransforms-8.0-gd.lib(vtkAbstractTransform.obj) : warning LNK4099: PDB 'vtkCommonTransforms.pdb' was not found with 'vtkCommonTransforms-8.0-gd.lib(vtkAbstractTransform.obj)' or at 'D:\TOSHIBA_DT01ACA300\common\PclCSharp\src\PclSharpWrapper\x64\Debug\vtkCommonTransforms.pdb'; linking object as if no debug info
vtkCommonTransforms-8.0-gd.lib(vtkHomogeneousTransform.obj) : warning LNK4099: PDB 'vtkCommonTransforms.pdb' was not found with 'vtkCommonTransforms-8.0-gd.lib(vtkHomogeneousTransform.obj)' or at 'D:\TOSHIBA_DT01ACA300\common\PclCSharp\src\PclSharpWrapper\x64\Debug\vtkCommonTransforms.pdb'; linking object as if no debug info
vtkCommonTransforms-8.0-gd.lib(vtkLinearTransform.obj) : warning LNK4099: PDB 'vtkCommonTransforms.pdb' was not found with 'vtkCommonTransforms-8.0-gd.lib(vtkLinearTransform.obj)' or at 'D:\TOSHIBA_DT01ACA300\common\PclCSharp\src\PclSharpWrapper\x64\Debug\vtkCommonTransforms.pdb'; linking object as if no debug info
vtkCommonTransforms-8.0-gd.lib(vtkTransform.obj) : warning LNK4099: PDB 'vtkCommonTransforms.pdb' was not found with 'vtkCommonTransforms-8.0-gd.lib(vtkTransform.obj)' or at 'D:\TOSHIBA_DT01ACA300\common\PclCSharp\src\PclSharpWrapper\x64\Debug\vtkCommonTransforms.pdb'; linking object as if no debug info
vtkIOCore-8.0-gd.lib(vtkAbstractPolyDataReader.obj) : warning LNK4099: PDB 'vtkIOCore.pdb' was not found with 'vtkIOCore-8.0-gd.lib(vtkAbstractPolyDataReader.obj)' or at 'D:\TOSHIBA_DT01ACA300\common\PclCSharp\src\PclSharpWrapper\x64\Debug\vtkIOCore.pdb'; linking object as if no debug info
vtkIOGeometry-8.0-gd.lib(vtkSTLReader.obj) : warning LNK4099: PDB 'vtkIOGeometry.pdb' was not found with 'vtkIOGeometry-8.0-gd.lib(vtkSTLReader.obj)' or at 'D:\TOSHIBA_DT01ACA300\common\PclCSharp\src\PclSharpWrapper\x64\Debug\vtkIOGeometry.pdb'; linking object as if no debug info
vtksys-8.0-gd.lib(EncodingC.obj) : warning LNK4099: PDB 'vtksys.pdb' was not found with 'vtksys-8.0-gd.lib(EncodingC.obj)' or at 'D:\TOSHIBA_DT01ACA300\common\PclCSharp\src\PclSharpWrapper\x64\Debug\vtksys.pdb'; linking object as if no debug info
vtksys-8.0-gd.lib(Directory.obj) : warning LNK4099: PDB 'vtksys.pdb' was not found with 'vtksys-8.0-gd.lib(Directory.obj)' or at 'D:\TOSHIBA_DT01ACA300\common\PclCSharp\src\PclSharpWrapper\x64\Debug\vtksys.pdb'; linking object as if no debug info
vtksys-8.0-gd.lib(DynamicLoader.obj) : warning LNK4099: PDB 'vtksys.pdb' was not found with 'vtksys-8.0-gd.lib(DynamicLoader.obj)' or at 'D:\TOSHIBA_DT01ACA300\common\PclCSharp\src\PclSharpWrapper\x64\Debug\vtksys.pdb'; linking object as if no debug info
vtksys-8.0-gd.lib(EncodingCXX.obj) : warning LNK4099: PDB 'vtksys.pdb' was not found with 'vtksys-8.0-gd.lib(EncodingCXX.obj)' or at 'D:\TOSHIBA_DT01ACA300\common\PclCSharp\src\PclSharpWrapper\x64\Debug\vtksys.pdb'; linking object as if no debug info
vtksys-8.0-gd.lib(RegularExpression.obj) : warning LNK4099: PDB 'vtksys.pdb' was not found with 'vtksys-8.0-gd.lib(RegularExpression.obj)' or at 'D:\TOSHIBA_DT01ACA300\common\PclCSharp\src\PclSharpWrapper\x64\Debug\vtksys.pdb'; linking object as if no debug info
vtksys-8.0-gd.lib(SystemTools.obj) : warning LNK4099: PDB 'vtksys.pdb' was not found with 'vtksys-8.0-gd.lib(SystemTools.obj)' or at 'D:\TOSHIBA_DT01ACA300\common\PclCSharp\src\PclSharpWrapper\x64\Debug\vtksys.pdb'; linking object as if no debug info
  PclSharpWrapper.vcxproj -> D:\TOSHIBA_DT01ACA300\common\PclCSharp\src\PclSharpWrapper\x64\Debug\PclDll.dll
