d:\toshiba_dt01aca300\common\pclcsharp\src\pclsharpwrapper\pclsharpwrapper\x64\release\vc142.pdb
d:\toshiba_dt01aca300\common\pclcsharp\src\pclsharpwrapper\pclsharpwrapper\x64\release\util_module.obj
d:\toshiba_dt01aca300\common\pclcsharp\src\pclsharpwrapper\pclsharpwrapper\x64\release\segmentation.obj
d:\toshiba_dt01aca300\common\pclcsharp\src\pclsharpwrapper\pclsharpwrapper\x64\release\sampleconsensus.obj
d:\toshiba_dt01aca300\common\pclcsharp\src\pclsharpwrapper\pclsharpwrapper\x64\release\pcl_util.obj
d:\toshiba_dt01aca300\common\pclcsharp\src\pclsharpwrapper\pclsharpwrapper\x64\release\io.obj
d:\toshiba_dt01aca300\common\pclcsharp\src\pclsharpwrapper\pclsharpwrapper\x64\release\pclsharp_octdenoising.obj
d:\toshiba_dt01aca300\common\pclcsharp\src\pclsharpwrapper\pclsharpwrapper\x64\release\filter.obj
d:\toshiba_dt01aca300\common\pclcsharp\bin\pcldll.dll
d:\toshiba_dt01aca300\common\pclcsharp\src\pclsharpwrapper\pclsharpwrapper\x64\release\pcldll.ipdb
d:\toshiba_dt01aca300\common\pclcsharp\src\pclsharpwrapper\pclsharpwrapper\x64\release\pcldll.iobj
d:\toshiba_dt01aca300\common\pclcsharp\bin\pcldll.pdb
d:\toshiba_dt01aca300\common\pclcsharp\bin\pcldll.lib
d:\toshiba_dt01aca300\common\pclcsharp\bin\pcldll.exp
d:\toshiba_dt01aca300\common\pclcsharp\src\pclsharpwrapper\pclsharpwrapper\x64\release\pcldll.tlog\cl.command.1.tlog
d:\toshiba_dt01aca300\common\pclcsharp\src\pclsharpwrapper\pclsharpwrapper\x64\release\pcldll.tlog\cl.read.1.tlog
d:\toshiba_dt01aca300\common\pclcsharp\src\pclsharpwrapper\pclsharpwrapper\x64\release\pcldll.tlog\cl.write.1.tlog
d:\toshiba_dt01aca300\common\pclcsharp\src\pclsharpwrapper\pclsharpwrapper\x64\release\pcldll.tlog\link.command.1.tlog
d:\toshiba_dt01aca300\common\pclcsharp\src\pclsharpwrapper\pclsharpwrapper\x64\release\pcldll.tlog\link.read.1.tlog
d:\toshiba_dt01aca300\common\pclcsharp\src\pclsharpwrapper\pclsharpwrapper\x64\release\pcldll.tlog\link.write.1.tlog
d:\toshiba_dt01aca300\common\pclcsharp\src\pclsharpwrapper\pclsharpwrapper\x64\release\pcldll.tlog\pcldll.write.1u.tlog
